SF:/home/mako10k/lzscr/crates/lzscr-analyzer/src/lib.rs
FN:1118,_RNvNtCs5AVHztSKVKK_14lzscr_analyzer5testss_29shadowing_with_typebind_param
FN:1102,_RNvNtCs5AVHztSKVKK_14lzscr_analyzer5testss_30detects_simple_duplicate_apply
FN:1110,_RNvNtCs5AVHztSKVKK_14lzscr_analyzer5testss_34unused_param_with_typebind_pattern
FN:646,_RNCNCNvNvCs5AVHztSKVKK_14lzscr_analyzer17analyze_shadowing4walk00B7_
FN:709,_RNCNCNvNvCs5AVHztSKVKK_14lzscr_analyzer17analyze_shadowing4walks0_00B7_
FN:289,_RNCNvCs5AVHztSKVKK_14lzscr_analyzer18analyze_duplicates0B3_
FN:298,_RNCNvCs5AVHztSKVKK_14lzscr_analyzer18analyze_duplicatess_0B3_
FN:646,_RNCNvNvCs5AVHztSKVKK_14lzscr_analyzer17analyze_shadowing4walk0B5_
FN:709,_RNCNvNvCs5AVHztSKVKK_14lzscr_analyzer17analyze_shadowing4walks0_0B5_
FN:712,_RNCNvNvCs5AVHztSKVKK_14lzscr_analyzer17analyze_shadowing4walks1_0B5_
FN:649,_RNCNvNvCs5AVHztSKVKK_14lzscr_analyzer17analyze_shadowing4walks_0B5_
FN:238,_RNCNvNvCs5AVHztSKVKK_14lzscr_analyzer18analyze_duplicates7collect0B5_
FN:784,_RNCNvNvCs5AVHztSKVKK_14lzscr_analyzer21analyze_unused_params11binds_param0B5_
FN:786,_RNCNvNvCs5AVHztSKVKK_14lzscr_analyzer21analyze_unused_params11binds_params0_0B5_
FN:787,_RNCNvNvCs5AVHztSKVKK_14lzscr_analyzer21analyze_unused_params11binds_params1_0B5_
FN:785,_RNCNvNvCs5AVHztSKVKK_14lzscr_analyzer21analyze_unused_params11binds_params_0B5_
FN:761,_RNCNvNvCs5AVHztSKVKK_14lzscr_analyzer21analyze_unused_params7used_in0B5_
FN:342,_RNCNvCs5AVHztSKVKK_14lzscr_analyzer17default_allowlist0B3_
FN:889,_RNCNvNvCs5AVHztSKVKK_14lzscr_analyzer27analyze_unused_let_bindings10binds_name0B5_
FN:892,_RNCNvNvCs5AVHztSKVKK_14lzscr_analyzer27analyze_unused_let_bindings10binds_names0_0B5_
FN:891,_RNCNvNvCs5AVHztSKVKK_14lzscr_analyzer27analyze_unused_let_bindings10binds_names_0B5_
FN:913,_RNCNvNvCs5AVHztSKVKK_14lzscr_analyzer27analyze_unused_let_bindings7used_in0B5_
FN:916,_RNCNvNvCs5AVHztSKVKK_14lzscr_analyzer27analyze_unused_let_bindings7used_ins_0B5_
FN:334,_RNvCs5AVHztSKVKK_14lzscr_analyzer17default_allowlist
FN:357,_RNvCs5AVHztSKVKK_14lzscr_analyzer18analyze_ctor_arity
FN:424,_RNvCs5AVHztSKVKK_14lzscr_analyzer20analyze_unbound_refs
FN:1011,_RNvCs5AVHztSKVKK_14lzscr_analyzer22analyze_let_collisions
FN:881,_RNvCs5AVHztSKVKK_14lzscr_analyzer27analyze_unused_let_bindings
FN:361,_RNvNvCs5AVHztSKVKK_14lzscr_analyzer18analyze_ctor_arity13head_and_args
FN:371,_RNvNvCs5AVHztSKVKK_14lzscr_analyzer18analyze_ctor_arity5check
FN:426,_RNvNvCs5AVHztSKVKK_14lzscr_analyzer20analyze_unbound_refs4walk
FN:1014,_RNvNvCs5AVHztSKVKK_14lzscr_analyzer22analyze_let_collisions12collect_vars
FN:1045,_RNvNvCs5AVHztSKVKK_14lzscr_analyzer22analyze_let_collisions4walk
FN:884,_RNvNvCs5AVHztSKVKK_14lzscr_analyzer27analyze_unused_let_bindings10binds_name
FN:924,_RNvNvCs5AVHztSKVKK_14lzscr_analyzer27analyze_unused_let_bindings12collect_vars
FN:955,_RNvNvCs5AVHztSKVKK_14lzscr_analyzer27analyze_unused_let_bindings4walk
FN:899,_RNvNvCs5AVHztSKVKK_14lzscr_analyzer27analyze_unused_let_bindings7used_in
FN:450,_RNvNvNvCs5AVHztSKVKK_14lzscr_analyzer20analyze_unbound_refs4walk5binds
FN:531,_RNvNvNvCs5AVHztSKVKK_14lzscr_analyzer20analyze_unbound_refs4walks_5binds
FN:22,_RNvXCs5AVHztSKVKK_14lzscr_analyzerNtB2_14AnalyzeOptionsNtNtCs66KPHxksi63_4core7default7Default7default
FN:595,_RNvCs5AVHztSKVKK_14lzscr_analyzer17analyze_shadowing
FN:27,_RNvCs5AVHztSKVKK_14lzscr_analyzer18analyze_duplicates
FN:752,_RNvCs5AVHztSKVKK_14lzscr_analyzer21analyze_unused_params
FN:597,_RNvNvCs5AVHztSKVKK_14lzscr_analyzer17analyze_shadowing4walk
FN:192,_RNvNvCs5AVHztSKVKK_14lzscr_analyzer18analyze_duplicates12summary_repr
FN:227,_RNvNvCs5AVHztSKVKK_14lzscr_analyzer18analyze_duplicates14should_recurse
FN:29,_RNvNvCs5AVHztSKVKK_14lzscr_analyzer18analyze_duplicates18hash_pattern_shape
FN:231,_RNvNvCs5AVHztSKVKK_14lzscr_analyzer18analyze_duplicates7collect
FN:98,_RNvNvCs5AVHztSKVKK_14lzscr_analyzer18analyze_duplicates9hash_expr
FN:772,_RNvNvCs5AVHztSKVKK_14lzscr_analyzer21analyze_unused_params11binds_param
FN:792,_RNvNvCs5AVHztSKVKK_14lzscr_analyzer21analyze_unused_params4walk
FN:754,_RNvNvCs5AVHztSKVKK_14lzscr_analyzer21analyze_unused_params7used_in
FN:600,_RNvNvNvCs5AVHztSKVKK_14lzscr_analyzer17analyze_shadowing4walk10pat_idents
FN:666,_RNvNvNvCs5AVHztSKVKK_14lzscr_analyzer17analyze_shadowing4walks_10pat_idents
FN:101,_RNvNvNvCs5AVHztSKVKK_14lzscr_analyzer18analyze_duplicates9hash_expr2go
FN:796,_RNvNvNvCs5AVHztSKVKK_14lzscr_analyzer21analyze_unused_params4walk7collect
FN:1122,_RNCNvNtCs5AVHztSKVKK_14lzscr_analyzer5testss_29shadowing_with_typebind_param0B5_
FN:1106,_RNCNvNtCs5AVHztSKVKK_14lzscr_analyzer5testss_30detects_simple_duplicate_apply0B5_
FN:1114,_RNCNvNtCs5AVHztSKVKK_14lzscr_analyzer5testss_34unused_param_with_typebind_pattern0B5_
FN:595,_RNvCshafeh9ym3qt_14lzscr_analyzer17analyze_shadowing
FN:334,_RNvCshafeh9ym3qt_14lzscr_analyzer17default_allowlist
FN:357,_RNvCshafeh9ym3qt_14lzscr_analyzer18analyze_ctor_arity
FN:27,_RNvCshafeh9ym3qt_14lzscr_analyzer18analyze_duplicates
FN:424,_RNvCshafeh9ym3qt_14lzscr_analyzer20analyze_unbound_refs
FN:752,_RNvCshafeh9ym3qt_14lzscr_analyzer21analyze_unused_params
FN:1011,_RNvCshafeh9ym3qt_14lzscr_analyzer22analyze_let_collisions
FN:881,_RNvCshafeh9ym3qt_14lzscr_analyzer27analyze_unused_let_bindings
FN:597,_RNvNvCshafeh9ym3qt_14lzscr_analyzer17analyze_shadowing4walk
FN:361,_RNvNvCshafeh9ym3qt_14lzscr_analyzer18analyze_ctor_arity13head_and_args
FN:371,_RNvNvCshafeh9ym3qt_14lzscr_analyzer18analyze_ctor_arity5check
FN:192,_RNvNvCshafeh9ym3qt_14lzscr_analyzer18analyze_duplicates12summary_repr
FN:227,_RNvNvCshafeh9ym3qt_14lzscr_analyzer18analyze_duplicates14should_recurse
FN:29,_RNvNvCshafeh9ym3qt_14lzscr_analyzer18analyze_duplicates18hash_pattern_shape
FN:231,_RNvNvCshafeh9ym3qt_14lzscr_analyzer18analyze_duplicates7collect
FN:98,_RNvNvCshafeh9ym3qt_14lzscr_analyzer18analyze_duplicates9hash_expr
FN:426,_RNvNvCshafeh9ym3qt_14lzscr_analyzer20analyze_unbound_refs4walk
FN:772,_RNvNvCshafeh9ym3qt_14lzscr_analyzer21analyze_unused_params11binds_param
FN:792,_RNvNvCshafeh9ym3qt_14lzscr_analyzer21analyze_unused_params4walk
FN:754,_RNvNvCshafeh9ym3qt_14lzscr_analyzer21analyze_unused_params7used_in
FN:1014,_RNvNvCshafeh9ym3qt_14lzscr_analyzer22analyze_let_collisions12collect_vars
FN:1045,_RNvNvCshafeh9ym3qt_14lzscr_analyzer22analyze_let_collisions4walk
FN:884,_RNvNvCshafeh9ym3qt_14lzscr_analyzer27analyze_unused_let_bindings10binds_name
FN:924,_RNvNvCshafeh9ym3qt_14lzscr_analyzer27analyze_unused_let_bindings12collect_vars
FN:955,_RNvNvCshafeh9ym3qt_14lzscr_analyzer27analyze_unused_let_bindings4walk
FN:899,_RNvNvCshafeh9ym3qt_14lzscr_analyzer27analyze_unused_let_bindings7used_in
FN:600,_RNvNvNvCshafeh9ym3qt_14lzscr_analyzer17analyze_shadowing4walk10pat_idents
FN:666,_RNvNvNvCshafeh9ym3qt_14lzscr_analyzer17analyze_shadowing4walks_10pat_idents
FN:101,_RNvNvNvCshafeh9ym3qt_14lzscr_analyzer18analyze_duplicates9hash_expr2go
FN:450,_RNvNvNvCshafeh9ym3qt_14lzscr_analyzer20analyze_unbound_refs4walk5binds
FN:531,_RNvNvNvCshafeh9ym3qt_14lzscr_analyzer20analyze_unbound_refs4walks_5binds
FN:796,_RNvNvNvCshafeh9ym3qt_14lzscr_analyzer21analyze_unused_params4walk7collect
FN:22,_RNvXCshafeh9ym3qt_14lzscr_analyzerNtB2_14AnalyzeOptionsNtNtCs66KPHxksi63_4core7default7Default7default
FN:646,_RNCNCNvNvCshafeh9ym3qt_14lzscr_analyzer17analyze_shadowing4walk00B7_
FN:709,_RNCNCNvNvCshafeh9ym3qt_14lzscr_analyzer17analyze_shadowing4walks0_00B7_
FN:342,_RNCNvCshafeh9ym3qt_14lzscr_analyzer17default_allowlist0B3_
FN:289,_RNCNvCshafeh9ym3qt_14lzscr_analyzer18analyze_duplicates0B3_
FN:298,_RNCNvCshafeh9ym3qt_14lzscr_analyzer18analyze_duplicatess_0B3_
FN:646,_RNCNvNvCshafeh9ym3qt_14lzscr_analyzer17analyze_shadowing4walk0B5_
FN:709,_RNCNvNvCshafeh9ym3qt_14lzscr_analyzer17analyze_shadowing4walks0_0B5_
FN:712,_RNCNvNvCshafeh9ym3qt_14lzscr_analyzer17analyze_shadowing4walks1_0B5_
FN:649,_RNCNvNvCshafeh9ym3qt_14lzscr_analyzer17analyze_shadowing4walks_0B5_
FN:238,_RNCNvNvCshafeh9ym3qt_14lzscr_analyzer18analyze_duplicates7collect0B5_
FN:784,_RNCNvNvCshafeh9ym3qt_14lzscr_analyzer21analyze_unused_params11binds_param0B5_
FN:786,_RNCNvNvCshafeh9ym3qt_14lzscr_analyzer21analyze_unused_params11binds_params0_0B5_
FN:787,_RNCNvNvCshafeh9ym3qt_14lzscr_analyzer21analyze_unused_params11binds_params1_0B5_
FN:785,_RNCNvNvCshafeh9ym3qt_14lzscr_analyzer21analyze_unused_params11binds_params_0B5_
FN:761,_RNCNvNvCshafeh9ym3qt_14lzscr_analyzer21analyze_unused_params7used_in0B5_
FN:889,_RNCNvNvCshafeh9ym3qt_14lzscr_analyzer27analyze_unused_let_bindings10binds_name0B5_
FN:892,_RNCNvNvCshafeh9ym3qt_14lzscr_analyzer27analyze_unused_let_bindings10binds_names0_0B5_
FN:891,_RNCNvNvCshafeh9ym3qt_14lzscr_analyzer27analyze_unused_let_bindings10binds_names_0B5_
FN:913,_RNCNvNvCshafeh9ym3qt_14lzscr_analyzer27analyze_unused_let_bindings7used_in0B5_
FN:916,_RNCNvNvCshafeh9ym3qt_14lzscr_analyzer27analyze_unused_let_bindings7used_ins_0B5_
FNDA:1,_RNvNtCs5AVHztSKVKK_14lzscr_analyzer5testss_29shadowing_with_typebind_param
FNDA:1,_RNvNtCs5AVHztSKVKK_14lzscr_analyzer5testss_30detects_simple_duplicate_apply
FNDA:1,_RNvNtCs5AVHztSKVKK_14lzscr_analyzer5testss_34unused_param_with_typebind_pattern
FNDA:1,_RNCNCNvNvCs5AVHztSKVKK_14lzscr_analyzer17analyze_shadowing4walk00B7_
FNDA:0,_RNCNCNvNvCs5AVHztSKVKK_14lzscr_analyzer17analyze_shadowing4walks0_00B7_
FNDA:3,_RNCNvCs5AVHztSKVKK_14lzscr_analyzer18analyze_duplicates0B3_
FNDA:1,_RNCNvCs5AVHztSKVKK_14lzscr_analyzer18analyze_duplicatess_0B3_
FNDA:1,_RNCNvNvCs5AVHztSKVKK_14lzscr_analyzer17analyze_shadowing4walk0B5_
FNDA:0,_RNCNvNvCs5AVHztSKVKK_14lzscr_analyzer17analyze_shadowing4walks0_0B5_
FNDA:0,_RNCNvNvCs5AVHztSKVKK_14lzscr_analyzer17analyze_shadowing4walks1_0B5_
FNDA:0,_RNCNvNvCs5AVHztSKVKK_14lzscr_analyzer17analyze_shadowing4walks_0B5_
FNDA:3,_RNCNvNvCs5AVHztSKVKK_14lzscr_analyzer18analyze_duplicates7collect0B5_
FNDA:0,_RNCNvNvCs5AVHztSKVKK_14lzscr_analyzer21analyze_unused_params11binds_param0B5_
FNDA:0,_RNCNvNvCs5AVHztSKVKK_14lzscr_analyzer21analyze_unused_params11binds_params0_0B5_
FNDA:0,_RNCNvNvCs5AVHztSKVKK_14lzscr_analyzer21analyze_unused_params11binds_params1_0B5_
FNDA:0,_RNCNvNvCs5AVHztSKVKK_14lzscr_analyzer21analyze_unused_params11binds_params_0B5_
FNDA:0,_RNCNvNvCs5AVHztSKVKK_14lzscr_analyzer21analyze_unused_params7used_in0B5_
FNDA:0,_RNCNvCs5AVHztSKVKK_14lzscr_analyzer17default_allowlist0B3_
FNDA:0,_RNCNvNvCs5AVHztSKVKK_14lzscr_analyzer27analyze_unused_let_bindings10binds_name0B5_
FNDA:0,_RNCNvNvCs5AVHztSKVKK_14lzscr_analyzer27analyze_unused_let_bindings10binds_names0_0B5_
FNDA:0,_RNCNvNvCs5AVHztSKVKK_14lzscr_analyzer27analyze_unused_let_bindings10binds_names_0B5_
FNDA:0,_RNCNvNvCs5AVHztSKVKK_14lzscr_analyzer27analyze_unused_let_bindings7used_in0B5_
FNDA:0,_RNCNvNvCs5AVHztSKVKK_14lzscr_analyzer27analyze_unused_let_bindings7used_ins_0B5_
FNDA:0,_RNvCs5AVHztSKVKK_14lzscr_analyzer17default_allowlist
FNDA:0,_RNvCs5AVHztSKVKK_14lzscr_analyzer18analyze_ctor_arity
FNDA:0,_RNvCs5AVHztSKVKK_14lzscr_analyzer20analyze_unbound_refs
FNDA:0,_RNvCs5AVHztSKVKK_14lzscr_analyzer22analyze_let_collisions
FNDA:0,_RNvCs5AVHztSKVKK_14lzscr_analyzer27analyze_unused_let_bindings
FNDA:0,_RNvNvCs5AVHztSKVKK_14lzscr_analyzer18analyze_ctor_arity13head_and_args
FNDA:0,_RNvNvCs5AVHztSKVKK_14lzscr_analyzer18analyze_ctor_arity5check
FNDA:0,_RNvNvCs5AVHztSKVKK_14lzscr_analyzer20analyze_unbound_refs4walk
FNDA:0,_RNvNvCs5AVHztSKVKK_14lzscr_analyzer22analyze_let_collisions12collect_vars
FNDA:0,_RNvNvCs5AVHztSKVKK_14lzscr_analyzer22analyze_let_collisions4walk
FNDA:0,_RNvNvCs5AVHztSKVKK_14lzscr_analyzer27analyze_unused_let_bindings10binds_name
FNDA:0,_RNvNvCs5AVHztSKVKK_14lzscr_analyzer27analyze_unused_let_bindings12collect_vars
FNDA:0,_RNvNvCs5AVHztSKVKK_14lzscr_analyzer27analyze_unused_let_bindings4walk
FNDA:0,_RNvNvCs5AVHztSKVKK_14lzscr_analyzer27analyze_unused_let_bindings7used_in
FNDA:0,_RNvNvNvCs5AVHztSKVKK_14lzscr_analyzer20analyze_unbound_refs4walk5binds
FNDA:0,_RNvNvNvCs5AVHztSKVKK_14lzscr_analyzer20analyze_unbound_refs4walks_5binds
FNDA:0,_RNvXCs5AVHztSKVKK_14lzscr_analyzerNtB2_14AnalyzeOptionsNtNtCs66KPHxksi63_4core7default7Default7default
FNDA:1,_RNvCs5AVHztSKVKK_14lzscr_analyzer17analyze_shadowing
FNDA:1,_RNvCs5AVHztSKVKK_14lzscr_analyzer18analyze_duplicates
FNDA:1,_RNvCs5AVHztSKVKK_14lzscr_analyzer21analyze_unused_params
FNDA:5,_RNvNvCs5AVHztSKVKK_14lzscr_analyzer17analyze_shadowing4walk
FNDA:3,_RNvNvCs5AVHztSKVKK_14lzscr_analyzer18analyze_duplicates12summary_repr
FNDA:11,_RNvNvCs5AVHztSKVKK_14lzscr_analyzer18analyze_duplicates14should_recurse
FNDA:0,_RNvNvCs5AVHztSKVKK_14lzscr_analyzer18analyze_duplicates18hash_pattern_shape
FNDA:11,_RNvNvCs5AVHztSKVKK_14lzscr_analyzer18analyze_duplicates7collect
FNDA:11,_RNvNvCs5AVHztSKVKK_14lzscr_analyzer18analyze_duplicates9hash_expr
FNDA:0,_RNvNvCs5AVHztSKVKK_14lzscr_analyzer21analyze_unused_params11binds_param
FNDA:2,_RNvNvCs5AVHztSKVKK_14lzscr_analyzer21analyze_unused_params4walk
FNDA:1,_RNvNvCs5AVHztSKVKK_14lzscr_analyzer21analyze_unused_params7used_in
FNDA:3,_RNvNvNvCs5AVHztSKVKK_14lzscr_analyzer17analyze_shadowing4walk10pat_idents
FNDA:0,_RNvNvNvCs5AVHztSKVKK_14lzscr_analyzer17analyze_shadowing4walks_10pat_idents
FNDA:33,_RNvNvNvCs5AVHztSKVKK_14lzscr_analyzer18analyze_duplicates9hash_expr2go
FNDA:2,_RNvNvNvCs5AVHztSKVKK_14lzscr_analyzer21analyze_unused_params4walk7collect
FNDA:1,_RNCNvNtCs5AVHztSKVKK_14lzscr_analyzer5testss_29shadowing_with_typebind_param0B5_
FNDA:1,_RNCNvNtCs5AVHztSKVKK_14lzscr_analyzer5testss_30detects_simple_duplicate_apply0B5_
FNDA:1,_RNCNvNtCs5AVHztSKVKK_14lzscr_analyzer5testss_34unused_param_with_typebind_pattern0B5_
FNDA:0,_RNvCshafeh9ym3qt_14lzscr_analyzer17analyze_shadowing
FNDA:0,_RNvCshafeh9ym3qt_14lzscr_analyzer17default_allowlist
FNDA:0,_RNvCshafeh9ym3qt_14lzscr_analyzer18analyze_ctor_arity
FNDA:0,_RNvCshafeh9ym3qt_14lzscr_analyzer18analyze_duplicates
FNDA:0,_RNvCshafeh9ym3qt_14lzscr_analyzer20analyze_unbound_refs
FNDA:0,_RNvCshafeh9ym3qt_14lzscr_analyzer21analyze_unused_params
FNDA:0,_RNvCshafeh9ym3qt_14lzscr_analyzer22analyze_let_collisions
FNDA:0,_RNvCshafeh9ym3qt_14lzscr_analyzer27analyze_unused_let_bindings
FNDA:0,_RNvNvCshafeh9ym3qt_14lzscr_analyzer17analyze_shadowing4walk
FNDA:0,_RNvNvCshafeh9ym3qt_14lzscr_analyzer18analyze_ctor_arity13head_and_args
FNDA:0,_RNvNvCshafeh9ym3qt_14lzscr_analyzer18analyze_ctor_arity5check
FNDA:0,_RNvNvCshafeh9ym3qt_14lzscr_analyzer18analyze_duplicates12summary_repr
FNDA:0,_RNvNvCshafeh9ym3qt_14lzscr_analyzer18analyze_duplicates14should_recurse
FNDA:0,_RNvNvCshafeh9ym3qt_14lzscr_analyzer18analyze_duplicates18hash_pattern_shape
FNDA:0,_RNvNvCshafeh9ym3qt_14lzscr_analyzer18analyze_duplicates7collect
FNDA:0,_RNvNvCshafeh9ym3qt_14lzscr_analyzer18analyze_duplicates9hash_expr
FNDA:0,_RNvNvCshafeh9ym3qt_14lzscr_analyzer20analyze_unbound_refs4walk
FNDA:0,_RNvNvCshafeh9ym3qt_14lzscr_analyzer21analyze_unused_params11binds_param
FNDA:0,_RNvNvCshafeh9ym3qt_14lzscr_analyzer21analyze_unused_params4walk
FNDA:0,_RNvNvCshafeh9ym3qt_14lzscr_analyzer21analyze_unused_params7used_in
FNDA:0,_RNvNvCshafeh9ym3qt_14lzscr_analyzer22analyze_let_collisions12collect_vars
FNDA:0,_RNvNvCshafeh9ym3qt_14lzscr_analyzer22analyze_let_collisions4walk
FNDA:0,_RNvNvCshafeh9ym3qt_14lzscr_analyzer27analyze_unused_let_bindings10binds_name
FNDA:0,_RNvNvCshafeh9ym3qt_14lzscr_analyzer27analyze_unused_let_bindings12collect_vars
FNDA:0,_RNvNvCshafeh9ym3qt_14lzscr_analyzer27analyze_unused_let_bindings4walk
FNDA:0,_RNvNvCshafeh9ym3qt_14lzscr_analyzer27analyze_unused_let_bindings7used_in
FNDA:0,_RNvNvNvCshafeh9ym3qt_14lzscr_analyzer17analyze_shadowing4walk10pat_idents
FNDA:0,_RNvNvNvCshafeh9ym3qt_14lzscr_analyzer17analyze_shadowing4walks_10pat_idents
FNDA:0,_RNvNvNvCshafeh9ym3qt_14lzscr_analyzer18analyze_duplicates9hash_expr2go
FNDA:0,_RNvNvNvCshafeh9ym3qt_14lzscr_analyzer20analyze_unbound_refs4walk5binds
FNDA:0,_RNvNvNvCshafeh9ym3qt_14lzscr_analyzer20analyze_unbound_refs4walks_5binds
FNDA:0,_RNvNvNvCshafeh9ym3qt_14lzscr_analyzer21analyze_unused_params4walk7collect
FNDA:0,_RNvXCshafeh9ym3qt_14lzscr_analyzerNtB2_14AnalyzeOptionsNtNtCs66KPHxksi63_4core7default7Default7default
FNDA:0,_RNCNCNvNvCshafeh9ym3qt_14lzscr_analyzer17analyze_shadowing4walk00B7_
FNDA:0,_RNCNCNvNvCshafeh9ym3qt_14lzscr_analyzer17analyze_shadowing4walks0_00B7_
FNDA:0,_RNCNvCshafeh9ym3qt_14lzscr_analyzer17default_allowlist0B3_
FNDA:0,_RNCNvCshafeh9ym3qt_14lzscr_analyzer18analyze_duplicates0B3_
FNDA:0,_RNCNvCshafeh9ym3qt_14lzscr_analyzer18analyze_duplicatess_0B3_
FNDA:0,_RNCNvNvCshafeh9ym3qt_14lzscr_analyzer17analyze_shadowing4walk0B5_
FNDA:0,_RNCNvNvCshafeh9ym3qt_14lzscr_analyzer17analyze_shadowing4walks0_0B5_
FNDA:0,_RNCNvNvCshafeh9ym3qt_14lzscr_analyzer17analyze_shadowing4walks1_0B5_
FNDA:0,_RNCNvNvCshafeh9ym3qt_14lzscr_analyzer17analyze_shadowing4walks_0B5_
FNDA:0,_RNCNvNvCshafeh9ym3qt_14lzscr_analyzer18analyze_duplicates7collect0B5_
FNDA:0,_RNCNvNvCshafeh9ym3qt_14lzscr_analyzer21analyze_unused_params11binds_param0B5_
FNDA:0,_RNCNvNvCshafeh9ym3qt_14lzscr_analyzer21analyze_unused_params11binds_params0_0B5_
FNDA:0,_RNCNvNvCshafeh9ym3qt_14lzscr_analyzer21analyze_unused_params11binds_params1_0B5_
FNDA:0,_RNCNvNvCshafeh9ym3qt_14lzscr_analyzer21analyze_unused_params11binds_params_0B5_
FNDA:0,_RNCNvNvCshafeh9ym3qt_14lzscr_analyzer21analyze_unused_params7used_in0B5_
FNDA:0,_RNCNvNvCshafeh9ym3qt_14lzscr_analyzer27analyze_unused_let_bindings10binds_name0B5_
FNDA:0,_RNCNvNvCshafeh9ym3qt_14lzscr_analyzer27analyze_unused_let_bindings10binds_names0_0B5_
FNDA:0,_RNCNvNvCshafeh9ym3qt_14lzscr_analyzer27analyze_unused_let_bindings10binds_names_0B5_
FNDA:0,_RNCNvNvCshafeh9ym3qt_14lzscr_analyzer27analyze_unused_let_bindings7used_in0B5_
FNDA:0,_RNCNvNvCshafeh9ym3qt_14lzscr_analyzer27analyze_unused_let_bindings7used_ins_0B5_
FNF:59
FNH:24
DA:22,0
DA:23,0
DA:24,0
DA:27,1
DA:29,0
DA:31,0
DA:32,0
DA:33,0
DA:34,0
DA:35,0
DA:36,0
DA:37,0
DA:38,0
DA:39,0
DA:40,0
DA:41,0
DA:42,0
DA:43,0
DA:44,0
DA:45,0
DA:46,0
DA:47,0
DA:48,0
DA:49,0
DA:50,0
DA:51,0
DA:52,0
DA:53,0
DA:54,0
DA:55,0
DA:56,0
DA:57,0
DA:58,0
DA:59,0
DA:60,0
DA:61,0
DA:63,0
DA:64,0
DA:65,0
DA:66,0
DA:67,0
DA:68,0
DA:70,0
DA:71,0
DA:72,0
DA:73,0
DA:74,0
DA:75,0
DA:76,0
DA:78,0
DA:79,0
DA:80,0
DA:81,0
DA:82,0
DA:83,0
DA:84,0
DA:86,0
DA:87,0
DA:88,0
DA:89,0
DA:90,0
DA:91,0
DA:92,0
DA:93,0
DA:94,0
DA:95,0
DA:97,0
DA:98,11
DA:100,11
DA:101,33
DA:102,33
DA:103,33
DA:104,0
DA:105,0
DA:106,0
DA:107,14
DA:108,14
DA:109,14
DA:110,14
DA:111,0
DA:112,0
DA:113,0
DA:114,0
DA:115,0
DA:116,0
DA:117,0
DA:118,0
DA:119,0
DA:120,0
DA:121,0
DA:122,0
DA:123,8
DA:124,8
DA:125,8
DA:126,8
DA:127,0
DA:128,0
DA:129,0
DA:130,0
DA:131,0
DA:132,0
DA:133,0
DA:134,0
DA:135,0
DA:136,0
DA:137,0
DA:138,0
DA:139,0
DA:140,0
DA:141,0
DA:142,0
DA:143,0
DA:144,0
DA:145,0
DA:146,0
DA:147,0
DA:148,0
DA:149,0
DA:150,0
DA:151,0
DA:152,0
DA:153,0
DA:154,0
DA:155,0
DA:156,0
DA:157,0
DA:158,0
DA:159,0
DA:160,0
DA:161,0
DA:162,11
DA:163,11
DA:164,11
DA:165,11
DA:166,11
DA:167,0
DA:168,0
DA:169,0
DA:170,0
DA:171,0
DA:172,0
DA:173,0
DA:174,0
DA:175,0
DA:176,0
DA:178,0
DA:179,0
DA:180,0
DA:181,0
DA:182,0
DA:183,0
DA:184,0
DA:185,0
DA:188,33
DA:189,11
DA:190,11
DA:191,11
DA:192,3
DA:194,3
DA:195,0
DA:196,0
DA:197,0
DA:198,0
DA:199,0
DA:200,0
DA:201,0
DA:202,0
DA:203,0
DA:204,0
DA:205,0
DA:206,0
DA:207,0
DA:208,0
DA:209,3
DA:210,0
DA:211,0
DA:212,0
DA:214,0
DA:216,3
DA:227,11
DA:228,11
DA:229,11
DA:231,11
DA:233,11
DA:234,11
DA:235,11
DA:236,5
DA:238,3
DA:239,3
DA:240,3
DA:241,3
DA:242,5
DA:244,5
DA:245,0
DA:246,0
DA:247,5
DA:248,6
DA:250,11
DA:251,0
DA:252,11
DA:253,11
DA:254,0
DA:255,0
DA:256,0
DA:257,0
DA:258,0
DA:259,0
DA:260,0
DA:261,0
DA:262,0
DA:263,0
DA:264,0
DA:265,5
DA:266,5
DA:267,5
DA:268,5
DA:269,0
DA:270,0
DA:271,0
DA:272,0
DA:273,0
DA:275,0
DA:276,0
DA:277,0
DA:278,0
DA:279,0
DA:281,6
DA:283,11
DA:285,1
DA:286,1
DA:287,1
DA:288,1
DA:289,3
DA:290,3
DA:291,2
DA:293,1
DA:295,3
DA:296,1
DA:298,1
DA:299,1
DA:300,1
DA:301,1
DA:302,1
DA:334,0
DA:336,0
DA:337,0
DA:338,0
DA:339,0
DA:340,0
DA:341,0
DA:342,0
DA:343,0
DA:345,0
DA:357,0
DA:358,0
DA:359,0
DA:360,0
DA:361,0
DA:362,0
DA:363,0
DA:364,0
DA:365,0
DA:366,0
DA:367,0
DA:368,0
DA:369,0
DA:370,0
DA:371,0
DA:372,0
DA:373,0
DA:374,0
DA:375,0
DA:377,0
DA:378,0
DA:379,0
DA:380,0
DA:381,0
DA:382,0
DA:383,0
DA:384,0
DA:385,0
DA:386,0
DA:387,0
DA:388,0
DA:389,0
DA:390,0
DA:391,0
DA:392,0
DA:393,0
DA:394,0
DA:395,0
DA:396,0
DA:397,0
DA:398,0
DA:399,0
DA:400,0
DA:401,0
DA:402,0
DA:403,0
DA:404,0
DA:405,0
DA:406,0
DA:407,0
DA:408,0
DA:409,0
DA:410,0
DA:411,0
DA:413,0
DA:414,0
DA:415,0
DA:416,0
DA:418,0
DA:419,0
DA:420,0
DA:421,0
DA:422,0
DA:424,0
DA:425,0
DA:426,0
DA:427,0
DA:428,0
DA:429,0
DA:430,0
DA:431,0
DA:432,0
DA:439,0
DA:440,0
DA:441,0
DA:442,0
DA:443,0
DA:444,0
DA:445,0
DA:446,0
DA:448,0
DA:450,0
DA:451,0
DA:459,0
DA:460,0
DA:461,0
DA:462,0
DA:463,0
DA:464,0
DA:465,0
DA:466,0
DA:467,0
DA:468,0
DA:469,0
DA:471,0
DA:472,0
DA:473,0
DA:474,0
DA:476,0
DA:477,0
DA:478,0
DA:479,0
DA:481,0
DA:482,0
DA:483,0
DA:484,0
DA:485,0
DA:486,0
DA:487,0
DA:488,0
DA:490,0
DA:491,0
DA:492,0
DA:493,0
DA:494,0
DA:495,0
DA:497,0
DA:498,0
DA:499,0
DA:500,0
DA:501,0
DA:503,0
DA:504,0
DA:505,0
DA:506,0
DA:507,0
DA:508,0
DA:509,0
DA:510,0
DA:511,0
DA:512,0
DA:513,0
DA:514,0
DA:515,0
DA:516,0
DA:517,0
DA:518,0
DA:519,0
DA:520,0
DA:521,0
DA:522,0
DA:523,0
DA:525,0
DA:526,0
DA:527,0
DA:528,0
DA:530,0
DA:531,0
DA:532,0
DA:540,0
DA:541,0
DA:542,0
DA:543,0
DA:544,0
DA:545,0
DA:546,0
DA:547,0
DA:548,0
DA:549,0
DA:550,0
DA:552,0
DA:553,0
DA:554,0
DA:555,0
DA:557,0
DA:558,0
DA:559,0
DA:560,0
DA:562,0
DA:563,0
DA:564,0
DA:565,0
DA:567,0
DA:568,0
DA:569,0
DA:570,0
DA:571,0
DA:572,0
DA:573,0
DA:574,0
DA:576,0
DA:577,0
DA:578,0
DA:579,0
DA:580,0
DA:581,0
DA:583,0
DA:584,0
DA:585,0
DA:586,0
DA:587,0
DA:589,0
DA:590,0
DA:591,0
DA:592,0
DA:593,0
DA:595,1
DA:596,1
DA:597,5
DA:598,5
DA:599,2
DA:600,3
DA:601,3
DA:609,0
DA:610,1
DA:611,1
DA:612,1
DA:613,2
DA:614,0
DA:615,0
DA:616,0
DA:617,0
DA:619,0
DA:620,0
DA:621,0
DA:622,0
DA:624,0
DA:625,0
DA:626,0
DA:627,0
DA:629,0
DA:630,0
DA:631,0
DA:632,0
DA:634,0
DA:635,0
DA:636,0
DA:637,0
DA:638,0
DA:639,0
DA:640,0
DA:641,0
DA:643,3
DA:644,2
DA:645,2
DA:646,2
DA:647,2
DA:648,1
DA:649,1
DA:650,1
DA:652,1
DA:653,2
DA:654,2
DA:655,2
DA:656,2
DA:657,2
DA:658,2
DA:659,2
DA:661,1
DA:662,1
DA:663,1
DA:664,1
DA:665,0
DA:666,0
DA:667,0
DA:675,0
DA:676,0
DA:677,0
DA:678,0
DA:679,0
DA:680,0
DA:681,0
DA:682,0
DA:683,0
DA:685,0
DA:686,0
DA:687,0
DA:688,0
DA:690,0
DA:691,0
DA:692,0
DA:693,0
DA:695,0
DA:696,0
DA:697,0
DA:698,0
DA:699,0
DA:700,0
DA:701,0
DA:702,0
DA:704,0
DA:705,0
DA:706,0
DA:707,0
DA:708,0
DA:709,0
DA:710,0
DA:711,0
DA:712,0
DA:713,0
DA:715,0
DA:716,0
DA:717,0
DA:718,0
DA:719,0
DA:720,0
DA:721,0
DA:722,0
DA:723,0
DA:724,0
DA:725,0
DA:727,0
DA:728,0
DA:729,0
DA:730,0
DA:732,0
DA:733,0
DA:734,0
DA:735,0
DA:736,0
DA:737,0
DA:738,0
DA:739,0
DA:740,0
DA:741,0
DA:742,0
DA:743,0
DA:744,2
DA:746,5
DA:747,1
DA:748,1
DA:749,1
DA:750,1
DA:752,1
DA:753,1
DA:754,1
DA:755,1
DA:756,0
DA:757,0
DA:758,0
DA:760,0
DA:761,0
DA:762,0
DA:763,0
DA:764,0
DA:765,0
DA:766,0
DA:767,0
DA:768,0
DA:769,1
DA:771,1
DA:772,0
DA:773,0
DA:781,0
DA:782,0
DA:783,0
DA:784,0
DA:785,0
DA:786,0
DA:787,0
DA:788,0
DA:789,0
DA:791,0
DA:792,2
DA:793,2
DA:794,1
DA:796,2
DA:797,2
DA:805,0
DA:806,1
DA:807,1
DA:808,1
DA:809,1
DA:810,0
DA:811,0
DA:812,0
DA:813,0
DA:815,0
DA:816,0
DA:817,0
DA:818,0
DA:820,0
DA:821,0
DA:822,0
DA:823,0
DA:825,0
DA:826,0
DA:827,0
DA:828,0
DA:830,0
DA:831,0
DA:832,0
DA:833,0
DA:834,0
DA:835,0
DA:836,0
DA:837,0
DA:839,2
DA:840,1
DA:841,1
DA:842,1
DA:843,1
DA:844,1
DA:845,1
DA:847,1
DA:849,0
DA:850,0
DA:851,0
DA:852,0
DA:853,0
DA:854,0
DA:855,0
DA:856,0
DA:857,0
DA:859,0
DA:860,0
DA:861,0
DA:862,0
DA:863,0
DA:864,0
DA:865,0
DA:866,0
DA:867,0
DA:868,0
DA:869,0
DA:870,0
DA:871,0
DA:872,0
DA:873,0
DA:874,1
DA:876,2
DA:877,1
DA:878,1
DA:879,1
DA:881,0
DA:882,0
DA:884,0
DA:885,0
DA:886,0
DA:887,0
DA:888,0
DA:889,0
DA:891,0
DA:892,0
DA:893,0
DA:894,0
DA:895,0
DA:897,0
DA:899,0
DA:900,0
DA:901,0
DA:902,0
DA:904,0
DA:906,0
DA:907,0
DA:908,0
DA:909,0
DA:910,0
DA:911,0
DA:912,0
DA:913,0
DA:914,0
DA:915,0
DA:916,0
DA:917,0
DA:919,0
DA:920,0
DA:922,0
DA:924,0
DA:925,0
DA:926,0
DA:927,0
DA:928,0
DA:929,0
DA:930,0
DA:931,0
DA:933,0
DA:934,0
DA:935,0
DA:936,0
DA:938,0
DA:939,0
DA:940,0
DA:941,0
DA:943,0
DA:944,0
DA:945,0
DA:946,0
DA:947,0
DA:948,0
DA:949,0
DA:950,0
DA:951,0
DA:953,0
DA:955,0
DA:956,0
DA:957,0
DA:959,0
DA:960,0
DA:961,0
DA:962,0
DA:964,0
DA:965,0
DA:966,0
DA:967,0
DA:968,0
DA:969,0
DA:970,0
DA:971,0
DA:973,0
DA:974,0
DA:975,0
DA:976,0
DA:979,0
DA:980,0
DA:981,0
DA:982,0
DA:984,0
DA:985,0
DA:986,0
DA:987,0
DA:988,0
DA:989,0
DA:990,0
DA:991,0
DA:992,0
DA:993,0
DA:995,0
DA:996,0
DA:997,0
DA:998,0
DA:999,0
DA:1000,0
DA:1001,0
DA:1002,0
DA:1003,0
DA:1005,0
DA:1007,0
DA:1008,0
DA:1009,0
DA:1011,0
DA:1012,0
DA:1014,0
DA:1015,0
DA:1016,0
DA:1017,0
DA:1018,0
DA:1019,0
DA:1020,0
DA:1021,0
DA:1023,0
DA:1024,0
DA:1025,0
DA:1026,0
DA:1028,0
DA:1029,0
DA:1030,0
DA:1031,0
DA:1033,0
DA:1034,0
DA:1035,0
DA:1036,0
DA:1037,0
DA:1038,0
DA:1039,0
DA:1040,0
DA:1041,0
DA:1043,0
DA:1045,0
DA:1046,0
DA:1047,0
DA:1048,0
DA:1049,0
DA:1050,0
DA:1051,0
DA:1052,0
DA:1053,0
DA:1054,0
DA:1055,0
DA:1056,0
DA:1057,0
DA:1058,0
DA:1061,0
DA:1062,0
DA:1063,0
DA:1064,0
DA:1065,0
DA:1066,0
DA:1067,0
DA:1069,0
DA:1070,0
DA:1071,0
DA:1072,0
DA:1073,0
DA:1074,0
DA:1075,0
DA:1076,0
DA:1077,0
DA:1078,0
DA:1080,0
DA:1081,0
DA:1082,0
DA:1083,0
DA:1084,0
DA:1085,0
DA:1086,0
DA:1087,0
DA:1088,0
DA:1090,0
DA:1092,0
DA:1093,0
DA:1094,0
DA:1102,1
DA:1104,1
DA:1105,1
DA:1106,1
DA:1107,1
DA:1110,1
DA:1112,1
DA:1113,1
DA:1114,1
DA:1115,1
DA:1118,1
DA:1120,1
DA:1121,1
DA:1122,1
DA:1123,1
BRF:0
BRH:0
LF:892
LH:154
end_of_record
SF:/home/mako10k/lzscr/crates/lzscr-ast/src/lib.rs
FN:10,_RNvMNtCshUdd6sz6WUe_9lzscr_ast4spanNtB2_4Span3new
FN:80,_RNvMNtCshUdd6sz6WUe_9lzscr_ast3astNtB2_7Pattern3new
FN:122,_RNvMs_NtCshUdd6sz6WUe_9lzscr_ast3astNtB4_4Expr3new
FN:179,_RNvNtCshUdd6sz6WUe_9lzscr_ast6pretty10print_expr
FN:231,_RNvNtCshUdd6sz6WUe_9lzscr_ast6pretty10print_type
FN:130,_RNvNtCshUdd6sz6WUe_9lzscr_ast6pretty13print_pattern
FN:213,_RNCNvNtCshUdd6sz6WUe_9lzscr_ast6pretty10print_expr0B5_
FN:254,_RNCNvNtCshUdd6sz6WUe_9lzscr_ast6pretty10print_type0B5_
FN:163,_RNCNvNtCshUdd6sz6WUe_9lzscr_ast6pretty13print_pattern0B5_
FN:174,_RNCNvNtCshUdd6sz6WUe_9lzscr_ast6pretty13print_patterns_0B5_
FN:213,_RNCNvNtCs8NkpCsoPih1_9lzscr_ast6pretty10print_expr0B5_
FN:254,_RNCNvNtCs8NkpCsoPih1_9lzscr_ast6pretty10print_type0B5_
FN:163,_RNCNvNtCs8NkpCsoPih1_9lzscr_ast6pretty13print_pattern0B5_
FN:174,_RNCNvNtCs8NkpCsoPih1_9lzscr_ast6pretty13print_patterns_0B5_
FN:80,_RNvMNtCs8NkpCsoPih1_9lzscr_ast3astNtB2_7Pattern3new
FN:10,_RNvMNtCs8NkpCsoPih1_9lzscr_ast4spanNtB2_4Span3new
FN:122,_RNvMs_NtCs8NkpCsoPih1_9lzscr_ast3astNtB4_4Expr3new
FN:179,_RNvNtCs8NkpCsoPih1_9lzscr_ast6pretty10print_expr
FN:231,_RNvNtCs8NkpCsoPih1_9lzscr_ast6pretty10print_type
FN:130,_RNvNtCs8NkpCsoPih1_9lzscr_ast6pretty13print_pattern
FNDA:1422,_RNvMNtCshUdd6sz6WUe_9lzscr_ast4spanNtB2_4Span3new
FNDA:127,_RNvMNtCshUdd6sz6WUe_9lzscr_ast3astNtB2_7Pattern3new
FNDA:656,_RNvMs_NtCshUdd6sz6WUe_9lzscr_ast3astNtB4_4Expr3new
FNDA:0,_RNvNtCshUdd6sz6WUe_9lzscr_ast6pretty10print_expr
FNDA:0,_RNvNtCshUdd6sz6WUe_9lzscr_ast6pretty10print_type
FNDA:0,_RNvNtCshUdd6sz6WUe_9lzscr_ast6pretty13print_pattern
FNDA:0,_RNCNvNtCshUdd6sz6WUe_9lzscr_ast6pretty10print_expr0B5_
FNDA:0,_RNCNvNtCshUdd6sz6WUe_9lzscr_ast6pretty10print_type0B5_
FNDA:0,_RNCNvNtCshUdd6sz6WUe_9lzscr_ast6pretty13print_pattern0B5_
FNDA:0,_RNCNvNtCshUdd6sz6WUe_9lzscr_ast6pretty13print_patterns_0B5_
FNDA:0,_RNCNvNtCs8NkpCsoPih1_9lzscr_ast6pretty10print_expr0B5_
FNDA:0,_RNCNvNtCs8NkpCsoPih1_9lzscr_ast6pretty10print_type0B5_
FNDA:0,_RNCNvNtCs8NkpCsoPih1_9lzscr_ast6pretty13print_pattern0B5_
FNDA:0,_RNCNvNtCs8NkpCsoPih1_9lzscr_ast6pretty13print_patterns_0B5_
FNDA:0,_RNvMNtCs8NkpCsoPih1_9lzscr_ast3astNtB2_7Pattern3new
FNDA:0,_RNvMNtCs8NkpCsoPih1_9lzscr_ast4spanNtB2_4Span3new
FNDA:0,_RNvMs_NtCs8NkpCsoPih1_9lzscr_ast3astNtB4_4Expr3new
FNDA:0,_RNvNtCs8NkpCsoPih1_9lzscr_ast6pretty10print_expr
FNDA:0,_RNvNtCs8NkpCsoPih1_9lzscr_ast6pretty10print_type
FNDA:0,_RNvNtCs8NkpCsoPih1_9lzscr_ast6pretty13print_pattern
FNF:10
FNH:3
DA:10,1422
DA:11,1422
DA:12,1422
DA:80,127
DA:81,127
DA:82,127
DA:122,656
DA:123,656
DA:124,656
DA:130,0
DA:131,0
DA:132,0
DA:133,0
DA:134,0
DA:135,0
DA:136,0
DA:138,0
DA:139,0
DA:140,0
DA:142,0
DA:143,0
DA:145,0
DA:149,0
DA:150,0
DA:151,0
DA:152,0
DA:153,0
DA:154,0
DA:155,0
DA:156,0
DA:157,0
DA:159,0
DA:160,0
DA:161,0
DA:162,0
DA:163,0
DA:164,0
DA:165,0
DA:166,0
DA:168,0
DA:169,0
DA:170,0
DA:172,0
DA:173,0
DA:174,0
DA:175,0
DA:178,0
DA:179,0
DA:180,0
DA:181,0
DA:182,0
DA:183,0
DA:184,0
DA:185,0
DA:186,0
DA:187,0
DA:188,0
DA:189,0
DA:191,0
DA:192,0
DA:193,0
DA:194,0
DA:196,0
DA:197,0
DA:199,0
DA:200,0
DA:202,0
DA:203,0
DA:205,0
DA:206,0
DA:207,0
DA:209,0
DA:211,0
DA:212,0
DA:213,0
DA:214,0
DA:215,0
DA:216,0
DA:218,0
DA:219,0
DA:220,0
DA:222,0
DA:223,0
DA:225,0
DA:226,0
DA:229,0
DA:231,0
DA:232,0
DA:233,0
DA:234,0
DA:235,0
DA:236,0
DA:237,0
DA:238,0
DA:239,0
DA:240,0
DA:241,0
DA:242,0
DA:244,0
DA:247,0
DA:248,0
DA:249,0
DA:251,0
DA:252,0
DA:253,0
DA:254,0
DA:255,0
DA:256,0
DA:257,0
DA:259,0
DA:260,0
DA:261,0
DA:262,0
DA:264,0
DA:268,0
BRF:0
BRH:0
LF:119
LH:9
end_of_record
SF:/home/mako10k/lzscr/crates/lzscr-cli/src/main.rs
FN:90,_RNCNvCsiwNxMI31jlh_9lzscr_cli17format_span_caret0B3_
FN:1122,_RNCNvCsiwNxMI31jlh_9lzscr_cli22resolve_module_content0B3_
FN:882,_RNCNvCsiwNxMI31jlh_9lzscr_cli23expand_requires_in_expr0B3_
FN:971,_RNCNvCsiwNxMI31jlh_9lzscr_cli25rebase_pattern_with_minus0B3_
FN:993,_RNCNvCsiwNxMI31jlh_9lzscr_cli25rebase_pattern_with_minuss0_0B3_
FN:974,_RNCNvCsiwNxMI31jlh_9lzscr_cli25rebase_pattern_with_minuss_0B3_
FN:923,_RNCNvCsiwNxMI31jlh_9lzscr_cli28rebase_expr_spans_with_minus0B3_
FN:925,_RNCNvCsiwNxMI31jlh_9lzscr_cli28rebase_expr_spans_with_minuss0_0B3_
FN:924,_RNCNvCsiwNxMI31jlh_9lzscr_cli28rebase_expr_spans_with_minuss_0B3_
FN:259,_RNCNvCsiwNxMI31jlh_9lzscr_cli4main0B3_
FN:591,_RNCNvCsiwNxMI31jlh_9lzscr_cli4mains0_0B3_
FN:591,_RNCNvCsiwNxMI31jlh_9lzscr_cli4mains_0B3_
FN:736,_RNCNvNvCsiwNxMI31jlh_9lzscr_cli4main13val_to_string0B5_
FN:740,_RNCNvNvCsiwNxMI31jlh_9lzscr_cli4main13val_to_strings0_0B5_
FN:751,_RNCNvNvCsiwNxMI31jlh_9lzscr_cli4main13val_to_strings1_0B5_
FN:759,_RNCNvNvCsiwNxMI31jlh_9lzscr_cli4main13val_to_strings2_0B5_
FN:763,_RNCNvNvCsiwNxMI31jlh_9lzscr_cli4main13val_to_strings3_0B5_
FN:768,_RNCNvNvCsiwNxMI31jlh_9lzscr_cli4main13val_to_strings_0B5_
FN:383,_RNCNvNvCsiwNxMI31jlh_9lzscr_cli4main5count0B5_
FN:1086,_RNvCsiwNxMI31jlh_9lzscr_cli14node_kind_name
FN:70,_RNvCsiwNxMI31jlh_9lzscr_cli17format_span_caret
FN:1050,_RNvCsiwNxMI31jlh_9lzscr_cli18match_builtin_call
FN:1010,_RNvCsiwNxMI31jlh_9lzscr_cli18match_require_call
FN:108,_RNvCsiwNxMI31jlh_9lzscr_cli21parse_ctor_arity_spec
FN:1109,_RNvCsiwNxMI31jlh_9lzscr_cli22resolve_module_content
FN:803,_RNvCsiwNxMI31jlh_9lzscr_cli23expand_requires_in_expr
FN:785,_RNvCsiwNxMI31jlh_9lzscr_cli25build_module_search_paths
FN:965,_RNvCsiwNxMI31jlh_9lzscr_cli25rebase_pattern_with_minus
FN:921,_RNvCsiwNxMI31jlh_9lzscr_cli28rebase_expr_spans_with_minus
FN:237,_RNvCsiwNxMI31jlh_9lzscr_cli4main
FN:39,_RNvMCsiwNxMI31jlh_9lzscr_cliNtB2_14SourceRegistry15register_module
FN:49,_RNvMCsiwNxMI31jlh_9lzscr_cliNtB2_14SourceRegistry17format_span_block
FN:31,_RNvMCsiwNxMI31jlh_9lzscr_cliNtB2_14SourceRegistry3new
FN:1052,_RNvNvCsiwNxMI31jlh_9lzscr_cli18match_builtin_call13collect_apply
FN:1012,_RNvNvCsiwNxMI31jlh_9lzscr_cli18match_require_call13collect_apply
FN:718,_RNvNvCsiwNxMI31jlh_9lzscr_cli4main13val_to_string
FN:372,_RNvNvCsiwNxMI31jlh_9lzscr_cli4main5count
FN:719,_RNvNvNvCsiwNxMI31jlh_9lzscr_cli4main13val_to_string19char_literal_string
FN:1086,_RNvCsi05oqQgXwMJ_9lzscr_cli14node_kind_name
FN:70,_RNvCsi05oqQgXwMJ_9lzscr_cli17format_span_caret
FN:1050,_RNvCsi05oqQgXwMJ_9lzscr_cli18match_builtin_call
FN:1010,_RNvCsi05oqQgXwMJ_9lzscr_cli18match_require_call
FN:108,_RNvCsi05oqQgXwMJ_9lzscr_cli21parse_ctor_arity_spec
FN:1109,_RNvCsi05oqQgXwMJ_9lzscr_cli22resolve_module_content
FN:803,_RNvCsi05oqQgXwMJ_9lzscr_cli23expand_requires_in_expr
FN:785,_RNvCsi05oqQgXwMJ_9lzscr_cli25build_module_search_paths
FN:965,_RNvCsi05oqQgXwMJ_9lzscr_cli25rebase_pattern_with_minus
FN:921,_RNvCsi05oqQgXwMJ_9lzscr_cli28rebase_expr_spans_with_minus
FN:237,_RNvCsi05oqQgXwMJ_9lzscr_cli4main
FN:39,_RNvMCsi05oqQgXwMJ_9lzscr_cliNtB2_14SourceRegistry15register_module
FN:49,_RNvMCsi05oqQgXwMJ_9lzscr_cliNtB2_14SourceRegistry17format_span_block
FN:31,_RNvMCsi05oqQgXwMJ_9lzscr_cliNtB2_14SourceRegistry3new
FN:1052,_RNvNvCsi05oqQgXwMJ_9lzscr_cli18match_builtin_call13collect_apply
FN:1012,_RNvNvCsi05oqQgXwMJ_9lzscr_cli18match_require_call13collect_apply
FN:718,_RNvNvCsi05oqQgXwMJ_9lzscr_cli4main13val_to_string
FN:372,_RNvNvCsi05oqQgXwMJ_9lzscr_cli4main5count
FN:719,_RNvNvNvCsi05oqQgXwMJ_9lzscr_cli4main13val_to_string19char_literal_string
FN:90,_RNCNvCsi05oqQgXwMJ_9lzscr_cli17format_span_caret0B3_
FN:1122,_RNCNvCsi05oqQgXwMJ_9lzscr_cli22resolve_module_content0B3_
FN:882,_RNCNvCsi05oqQgXwMJ_9lzscr_cli23expand_requires_in_expr0B3_
FN:971,_RNCNvCsi05oqQgXwMJ_9lzscr_cli25rebase_pattern_with_minus0B3_
FN:993,_RNCNvCsi05oqQgXwMJ_9lzscr_cli25rebase_pattern_with_minuss0_0B3_
FN:974,_RNCNvCsi05oqQgXwMJ_9lzscr_cli25rebase_pattern_with_minuss_0B3_
FN:923,_RNCNvCsi05oqQgXwMJ_9lzscr_cli28rebase_expr_spans_with_minus0B3_
FN:925,_RNCNvCsi05oqQgXwMJ_9lzscr_cli28rebase_expr_spans_with_minuss0_0B3_
FN:924,_RNCNvCsi05oqQgXwMJ_9lzscr_cli28rebase_expr_spans_with_minuss_0B3_
FN:259,_RNCNvCsi05oqQgXwMJ_9lzscr_cli4main0B3_
FN:591,_RNCNvCsi05oqQgXwMJ_9lzscr_cli4mains0_0B3_
FN:591,_RNCNvCsi05oqQgXwMJ_9lzscr_cli4mains_0B3_
FN:736,_RNCNvNvCsi05oqQgXwMJ_9lzscr_cli4main13val_to_string0B5_
FN:740,_RNCNvNvCsi05oqQgXwMJ_9lzscr_cli4main13val_to_strings0_0B5_
FN:751,_RNCNvNvCsi05oqQgXwMJ_9lzscr_cli4main13val_to_strings1_0B5_
FN:759,_RNCNvNvCsi05oqQgXwMJ_9lzscr_cli4main13val_to_strings2_0B5_
FN:763,_RNCNvNvCsi05oqQgXwMJ_9lzscr_cli4main13val_to_strings3_0B5_
FN:768,_RNCNvNvCsi05oqQgXwMJ_9lzscr_cli4main13val_to_strings_0B5_
FN:383,_RNCNvNvCsi05oqQgXwMJ_9lzscr_cli4main5count0B5_
FNDA:0,_RNCNvCsiwNxMI31jlh_9lzscr_cli17format_span_caret0B3_
FNDA:0,_RNCNvCsiwNxMI31jlh_9lzscr_cli22resolve_module_content0B3_
FNDA:0,_RNCNvCsiwNxMI31jlh_9lzscr_cli23expand_requires_in_expr0B3_
FNDA:0,_RNCNvCsiwNxMI31jlh_9lzscr_cli25rebase_pattern_with_minus0B3_
FNDA:0,_RNCNvCsiwNxMI31jlh_9lzscr_cli25rebase_pattern_with_minuss0_0B3_
FNDA:0,_RNCNvCsiwNxMI31jlh_9lzscr_cli25rebase_pattern_with_minuss_0B3_
FNDA:0,_RNCNvCsiwNxMI31jlh_9lzscr_cli28rebase_expr_spans_with_minus0B3_
FNDA:0,_RNCNvCsiwNxMI31jlh_9lzscr_cli28rebase_expr_spans_with_minuss0_0B3_
FNDA:0,_RNCNvCsiwNxMI31jlh_9lzscr_cli28rebase_expr_spans_with_minuss_0B3_
FNDA:0,_RNCNvCsiwNxMI31jlh_9lzscr_cli4main0B3_
FNDA:0,_RNCNvCsiwNxMI31jlh_9lzscr_cli4mains0_0B3_
FNDA:0,_RNCNvCsiwNxMI31jlh_9lzscr_cli4mains_0B3_
FNDA:0,_RNCNvNvCsiwNxMI31jlh_9lzscr_cli4main13val_to_string0B5_
FNDA:0,_RNCNvNvCsiwNxMI31jlh_9lzscr_cli4main13val_to_strings0_0B5_
FNDA:0,_RNCNvNvCsiwNxMI31jlh_9lzscr_cli4main13val_to_strings1_0B5_
FNDA:0,_RNCNvNvCsiwNxMI31jlh_9lzscr_cli4main13val_to_strings2_0B5_
FNDA:0,_RNCNvNvCsiwNxMI31jlh_9lzscr_cli4main13val_to_strings3_0B5_
FNDA:0,_RNCNvNvCsiwNxMI31jlh_9lzscr_cli4main13val_to_strings_0B5_
FNDA:0,_RNCNvNvCsiwNxMI31jlh_9lzscr_cli4main5count0B5_
FNDA:0,_RNvCsiwNxMI31jlh_9lzscr_cli14node_kind_name
FNDA:0,_RNvCsiwNxMI31jlh_9lzscr_cli17format_span_caret
FNDA:0,_RNvCsiwNxMI31jlh_9lzscr_cli18match_builtin_call
FNDA:0,_RNvCsiwNxMI31jlh_9lzscr_cli18match_require_call
FNDA:0,_RNvCsiwNxMI31jlh_9lzscr_cli21parse_ctor_arity_spec
FNDA:0,_RNvCsiwNxMI31jlh_9lzscr_cli22resolve_module_content
FNDA:0,_RNvCsiwNxMI31jlh_9lzscr_cli23expand_requires_in_expr
FNDA:0,_RNvCsiwNxMI31jlh_9lzscr_cli25build_module_search_paths
FNDA:0,_RNvCsiwNxMI31jlh_9lzscr_cli25rebase_pattern_with_minus
FNDA:0,_RNvCsiwNxMI31jlh_9lzscr_cli28rebase_expr_spans_with_minus
FNDA:0,_RNvCsiwNxMI31jlh_9lzscr_cli4main
FNDA:0,_RNvMCsiwNxMI31jlh_9lzscr_cliNtB2_14SourceRegistry15register_module
FNDA:0,_RNvMCsiwNxMI31jlh_9lzscr_cliNtB2_14SourceRegistry17format_span_block
FNDA:0,_RNvMCsiwNxMI31jlh_9lzscr_cliNtB2_14SourceRegistry3new
FNDA:0,_RNvNvCsiwNxMI31jlh_9lzscr_cli18match_builtin_call13collect_apply
FNDA:0,_RNvNvCsiwNxMI31jlh_9lzscr_cli18match_require_call13collect_apply
FNDA:0,_RNvNvCsiwNxMI31jlh_9lzscr_cli4main13val_to_string
FNDA:0,_RNvNvCsiwNxMI31jlh_9lzscr_cli4main5count
FNDA:0,_RNvNvNvCsiwNxMI31jlh_9lzscr_cli4main13val_to_string19char_literal_string
FNDA:0,_RNvCsi05oqQgXwMJ_9lzscr_cli14node_kind_name
FNDA:1,_RNvCsi05oqQgXwMJ_9lzscr_cli17format_span_caret
FNDA:44,_RNvCsi05oqQgXwMJ_9lzscr_cli18match_builtin_call
FNDA:44,_RNvCsi05oqQgXwMJ_9lzscr_cli18match_require_call
FNDA:0,_RNvCsi05oqQgXwMJ_9lzscr_cli21parse_ctor_arity_spec
FNDA:0,_RNvCsi05oqQgXwMJ_9lzscr_cli22resolve_module_content
FNDA:44,_RNvCsi05oqQgXwMJ_9lzscr_cli23expand_requires_in_expr
FNDA:6,_RNvCsi05oqQgXwMJ_9lzscr_cli25build_module_search_paths
FNDA:0,_RNvCsi05oqQgXwMJ_9lzscr_cli25rebase_pattern_with_minus
FNDA:0,_RNvCsi05oqQgXwMJ_9lzscr_cli28rebase_expr_spans_with_minus
FNDA:6,_RNvCsi05oqQgXwMJ_9lzscr_cli4main
FNDA:0,_RNvMCsi05oqQgXwMJ_9lzscr_cliNtB2_14SourceRegistry15register_module
FNDA:1,_RNvMCsi05oqQgXwMJ_9lzscr_cliNtB2_14SourceRegistry17format_span_block
FNDA:6,_RNvMCsi05oqQgXwMJ_9lzscr_cliNtB2_14SourceRegistry3new
FNDA:44,_RNvNvCsi05oqQgXwMJ_9lzscr_cli18match_builtin_call13collect_apply
FNDA:44,_RNvNvCsi05oqQgXwMJ_9lzscr_cli18match_require_call13collect_apply
FNDA:3,_RNvNvCsi05oqQgXwMJ_9lzscr_cli4main13val_to_string
FNDA:44,_RNvNvCsi05oqQgXwMJ_9lzscr_cli4main5count
FNDA:0,_RNvNvNvCsi05oqQgXwMJ_9lzscr_cli4main13val_to_string19char_literal_string
FNDA:0,_RNCNvCsi05oqQgXwMJ_9lzscr_cli17format_span_caret0B3_
FNDA:0,_RNCNvCsi05oqQgXwMJ_9lzscr_cli22resolve_module_content0B3_
FNDA:0,_RNCNvCsi05oqQgXwMJ_9lzscr_cli23expand_requires_in_expr0B3_
FNDA:0,_RNCNvCsi05oqQgXwMJ_9lzscr_cli25rebase_pattern_with_minus0B3_
FNDA:0,_RNCNvCsi05oqQgXwMJ_9lzscr_cli25rebase_pattern_with_minuss0_0B3_
FNDA:0,_RNCNvCsi05oqQgXwMJ_9lzscr_cli25rebase_pattern_with_minuss_0B3_
FNDA:0,_RNCNvCsi05oqQgXwMJ_9lzscr_cli28rebase_expr_spans_with_minus0B3_
FNDA:0,_RNCNvCsi05oqQgXwMJ_9lzscr_cli28rebase_expr_spans_with_minuss0_0B3_
FNDA:0,_RNCNvCsi05oqQgXwMJ_9lzscr_cli28rebase_expr_spans_with_minuss_0B3_
FNDA:6,_RNCNvCsi05oqQgXwMJ_9lzscr_cli4main0B3_
FNDA:0,_RNCNvCsi05oqQgXwMJ_9lzscr_cli4mains0_0B3_
FNDA:0,_RNCNvCsi05oqQgXwMJ_9lzscr_cli4mains_0B3_
FNDA:0,_RNCNvNvCsi05oqQgXwMJ_9lzscr_cli4main13val_to_string0B5_
FNDA:0,_RNCNvNvCsi05oqQgXwMJ_9lzscr_cli4main13val_to_strings0_0B5_
FNDA:0,_RNCNvNvCsi05oqQgXwMJ_9lzscr_cli4main13val_to_strings1_0B5_
FNDA:0,_RNCNvNvCsi05oqQgXwMJ_9lzscr_cli4main13val_to_strings2_0B5_
FNDA:0,_RNCNvNvCsi05oqQgXwMJ_9lzscr_cli4main13val_to_strings3_0B5_
FNDA:0,_RNCNvNvCsi05oqQgXwMJ_9lzscr_cli4main13val_to_strings_0B5_
FNDA:1,_RNCNvNvCsi05oqQgXwMJ_9lzscr_cli4main5count0B5_
FNF:38
FNH:14
DA:31,6
DA:33,6
DA:34,6
DA:35,6
DA:36,6
DA:37,6
DA:39,0
DA:40,0
DA:42,0
DA:43,0
DA:44,0
DA:45,0
DA:46,0
DA:47,0
DA:49,1
DA:51,1
DA:52,1
DA:53,0
DA:54,0
DA:55,0
DA:56,0
DA:57,0
DA:58,0
DA:61,0
DA:62,0
DA:63,0
DA:64,0
DA:65,0
DA:67,1
DA:70,1
DA:72,1
DA:73,1
DA:74,12
DA:75,12
DA:76,0
DA:77,12
DA:80,1
DA:81,1
DA:82,1
DA:83,1
DA:84,1
DA:85,0
DA:88,1
DA:90,1
DA:91,1
DA:92,1
DA:93,1
DA:94,1
DA:95,0
DA:96,0
DA:97,1
DA:98,1
DA:99,11
DA:100,11
DA:101,11
DA:102,0
DA:103,0
DA:104,0
DA:105,1
DA:106,1
DA:108,0
DA:109,0
DA:110,0
DA:111,0
DA:112,0
DA:113,0
DA:114,0
DA:115,0
DA:116,0
DA:117,0
DA:118,0
DA:120,0
DA:121,0
DA:122,0
DA:123,0
DA:124,0
DA:125,0
DA:126,0
DA:127,0
DA:128,0
DA:130,0
DA:131,0
DA:134,0
DA:135,0
DA:237,6
DA:238,6
DA:240,6
DA:241,5
DA:242,1
DA:243,1
DA:244,1
DA:246,0
DA:249,1
DA:252,0
DA:253,0
DA:257,6
DA:259,6
DA:261,6
DA:262,6
DA:264,6
DA:265,6
DA:266,0
DA:267,0
DA:268,0
DA:269,0
DA:270,6
DA:271,6
DA:272,6
DA:273,6
DA:274,6
DA:275,6
DA:276,0
DA:280,6
DA:281,0
DA:282,0
DA:283,0
DA:284,0
DA:285,0
DA:286,0
DA:287,0
DA:289,0
DA:291,0
DA:292,0
DA:293,0
DA:294,0
DA:296,0
DA:297,0
DA:298,0
DA:301,6
DA:304,6
DA:305,6
DA:306,6
DA:307,6
DA:308,6
DA:309,0
DA:311,0
DA:312,0
DA:313,0
DA:315,0
DA:316,0
DA:317,0
DA:318,0
DA:319,0
DA:320,0
DA:321,0
DA:322,0
DA:323,0
DA:324,0
DA:326,0
DA:328,0
DA:330,0
DA:331,0
DA:332,0
DA:333,0
DA:334,0
DA:335,0
DA:336,0
DA:339,0
DA:340,0
DA:341,0
DA:342,0
DA:343,0
DA:344,0
DA:345,0
DA:347,0
DA:348,0
DA:349,0
DA:351,0
DA:355,6
DA:356,6
DA:357,6
DA:358,6
DA:359,6
DA:360,6
DA:361,6
DA:362,6
DA:363,0
DA:364,0
DA:365,0
DA:368,6
DA:369,0
DA:370,6
DA:371,6
DA:372,44
DA:374,44
DA:376,25
DA:377,0
DA:378,0
DA:379,18
DA:380,0
DA:381,0
DA:382,1
DA:383,1
DA:385,0
DA:386,0
DA:387,0
DA:390,44
DA:391,6
DA:393,6
DA:394,0
DA:395,6
DA:397,6
DA:398,2
DA:399,2
DA:400,1
DA:401,1
DA:402,1
DA:403,1
DA:404,0
DA:405,0
DA:406,0
DA:407,0
DA:408,0
DA:411,0
DA:412,2
DA:413,4
DA:414,4
DA:426,0
DA:427,0
DA:428,0
DA:430,0
DA:431,0
DA:432,0
DA:435,0
DA:436,0
DA:437,0
DA:438,0
DA:439,0
DA:440,0
DA:441,0
DA:443,0
DA:444,0
DA:445,0
DA:446,0
DA:447,0
DA:448,0
DA:449,0
DA:450,0
DA:451,0
DA:453,0
DA:454,0
DA:455,0
DA:456,0
DA:457,0
DA:458,0
DA:459,0
DA:460,0
DA:461,0
DA:463,0
DA:464,0
DA:465,0
DA:466,0
DA:467,0
DA:468,0
DA:469,0
DA:470,0
DA:471,0
DA:473,0
DA:474,0
DA:475,0
DA:476,0
DA:477,0
DA:478,0
DA:479,0
DA:480,0
DA:481,0
DA:483,0
DA:484,0
DA:485,0
DA:486,0
DA:487,0
DA:488,0
DA:489,0
DA:490,0
DA:491,0
DA:492,0
DA:493,0
DA:494,0
DA:495,0
DA:496,0
DA:497,0
DA:498,0
DA:499,0
DA:500,0
DA:501,0
DA:503,0
DA:504,0
DA:505,0
DA:506,0
DA:507,0
DA:508,0
DA:509,0
DA:510,0
DA:511,0
DA:512,0
DA:513,0
DA:514,0
DA:515,0
DA:516,0
DA:517,0
DA:518,0
DA:519,0
DA:520,0
DA:521,0
DA:522,0
DA:524,0
DA:525,0
DA:526,0
DA:527,0
DA:528,0
DA:529,0
DA:530,0
DA:531,0
DA:532,0
DA:533,0
DA:534,0
DA:535,0
DA:536,0
DA:537,0
DA:538,0
DA:539,0
DA:540,0
DA:541,0
DA:542,0
DA:543,0
DA:544,0
DA:545,0
DA:546,0
DA:547,0
DA:548,0
DA:549,0
DA:550,0
DA:551,0
DA:552,0
DA:553,0
DA:554,0
DA:555,0
DA:556,0
DA:557,0
DA:558,0
DA:559,0
DA:560,0
DA:561,0
DA:562,0
DA:563,0
DA:564,0
DA:565,0
DA:566,0
DA:567,0
DA:568,0
DA:569,0
DA:570,0
DA:571,0
DA:572,0
DA:573,0
DA:574,0
DA:575,0
DA:576,0
DA:577,0
DA:578,0
DA:579,0
DA:580,0
DA:582,0
DA:583,4
DA:585,4
DA:586,4
DA:588,0
DA:589,0
DA:590,0
DA:591,0
DA:593,0
DA:594,0
DA:595,0
DA:596,0
DA:597,0
DA:598,0
DA:599,0
DA:600,0
DA:601,0
DA:602,0
DA:605,0
DA:606,0
DA:607,0
DA:608,0
DA:609,0
DA:610,0
DA:611,0
DA:612,0
DA:613,0
DA:614,0
DA:619,0
DA:620,0
DA:621,0
DA:623,0
DA:624,0
DA:625,0
DA:626,0
DA:627,0
DA:628,0
DA:629,0
DA:631,0
DA:633,0
DA:634,0
DA:635,0
DA:636,0
DA:637,0
DA:638,0
DA:639,0
DA:640,0
DA:641,0
DA:642,0
DA:643,0
DA:645,0
DA:649,4
DA:650,3
DA:651,3
DA:656,0
DA:657,3
DA:658,3
DA:659,3
DA:660,3
DA:662,1
DA:664,1
DA:665,0
DA:666,1
DA:667,1
DA:668,1
DA:669,1
DA:670,1
DA:671,1
DA:672,0
DA:673,0
DA:674,0
DA:676,1
DA:680,0
DA:681,3
DA:682,3
DA:683,0
DA:684,0
DA:685,0
DA:686,0
DA:687,0
DA:688,0
DA:689,0
DA:690,3
DA:691,3
DA:692,1
DA:693,2
DA:694,3
DA:695,3
DA:696,0
DA:698,0
DA:699,0
DA:700,0
DA:702,0
DA:703,0
DA:704,0
DA:705,0
DA:706,0
DA:707,0
DA:709,0
DA:711,0
DA:712,0
DA:713,0
DA:718,3
DA:719,0
DA:720,0
DA:721,0
DA:722,0
DA:723,0
DA:724,0
DA:725,3
DA:726,1
DA:727,2
DA:728,0
DA:729,0
DA:730,0
DA:731,0
DA:732,0
DA:733,0
DA:734,0
DA:735,0
DA:736,0
DA:737,0
DA:738,0
DA:739,0
DA:740,0
DA:741,0
DA:742,0
DA:744,0
DA:745,0
DA:747,0
DA:748,0
DA:750,0
DA:751,0
DA:752,0
DA:753,0
DA:757,0
DA:758,0
DA:759,0
DA:761,0
DA:762,0
DA:763,0
DA:765,0
DA:766,0
DA:767,0
DA:768,0
DA:769,0
DA:770,0
DA:771,0
DA:773,0
DA:775,3
DA:776,3
DA:777,3
DA:778,3
DA:780,5
DA:785,6
DA:786,6
DA:788,6
DA:790,6
DA:792,6
DA:793,0
DA:794,0
DA:795,0
DA:796,0
DA:797,0
DA:799,6
DA:800,6
DA:801,6
DA:803,44
DA:804,44
DA:805,44
DA:806,44
DA:807,44
DA:808,44
DA:810,44
DA:811,0
DA:812,44
DA:814,44
DA:815,0
DA:816,0
DA:817,0
DA:818,0
DA:819,0
DA:820,0
DA:822,0
DA:823,0
DA:824,0
DA:825,0
DA:826,0
DA:827,0
DA:828,0
DA:829,0
DA:831,0
DA:832,0
DA:833,0
DA:834,0
DA:836,0
DA:837,0
DA:839,0
DA:840,0
DA:841,0
DA:843,0
DA:848,0
DA:849,0
DA:850,0
DA:851,0
DA:852,0
DA:854,0
DA:855,0
DA:857,44
DA:861,44
DA:863,25
DA:865,0
DA:866,0
DA:867,0
DA:869,0
DA:870,0
DA:871,0
DA:873,18
DA:874,18
DA:875,18
DA:877,0
DA:878,0
DA:880,0
DA:881,0
DA:882,0
DA:883,0
DA:885,1
DA:886,1
DA:887,1
DA:888,1
DA:889,1
DA:892,1
DA:894,1
DA:895,1
DA:896,1
DA:899,0
DA:902,0
DA:903,0
DA:905,0
DA:906,0
DA:907,0
DA:909,0
DA:910,0
DA:911,0
DA:913,0
DA:914,0
DA:915,0
DA:918,44
DA:919,44
DA:921,0
DA:923,0
DA:924,0
DA:925,0
DA:926,0
DA:927,0
DA:928,0
DA:929,0
DA:930,0
DA:931,0
DA:932,0
DA:933,0
DA:934,0
DA:935,0
DA:936,0
DA:937,0
DA:939,0
DA:940,0
DA:941,0
DA:942,0
DA:943,0
DA:944,0
DA:945,0
DA:946,0
DA:947,0
DA:948,0
DA:950,0
DA:953,0
DA:954,0
DA:955,0
DA:956,0
DA:958,0
DA:959,0
DA:960,0
DA:961,0
DA:962,0
DA:963,0
DA:965,0
DA:967,0
DA:968,0
DA:969,0
DA:970,0
DA:971,0
DA:972,0
DA:973,0
DA:974,0
DA:976,0
DA:977,0
DA:978,0
DA:979,0
DA:980,0
DA:981,0
DA:982,0
DA:983,0
DA:984,0
DA:985,0
DA:986,0
DA:987,0
DA:989,0
DA:990,0
DA:991,0
DA:992,0
DA:993,0
DA:994,0
DA:995,0
DA:996,0
DA:997,0
DA:998,0
DA:999,0
DA:1000,0
DA:1001,0
DA:1003,0
DA:1004,0
DA:1005,0
DA:1006,0
DA:1007,0
DA:1008,0
DA:1010,44
DA:1012,44
DA:1014,71
DA:1015,27
DA:1016,27
DA:1017,27
DA:1018,27
DA:1019,44
DA:1022,44
DA:1023,44
DA:1024,44
DA:1025,28
DA:1026,28
DA:1027,0
DA:1028,0
DA:1029,0
DA:1030,0
DA:1031,0
DA:1032,0
DA:1033,0
DA:1034,0
DA:1035,0
DA:1036,0
DA:1037,0
DA:1038,0
DA:1039,0
DA:1040,0
DA:1044,0
DA:1046,44
DA:1048,44
DA:1050,44
DA:1052,44
DA:1054,71
DA:1055,27
DA:1056,27
DA:1057,27
DA:1058,27
DA:1059,44
DA:1062,44
DA:1063,44
DA:1064,44
DA:1065,28
DA:1066,28
DA:1067,0
DA:1068,0
DA:1069,0
DA:1070,0
DA:1071,0
DA:1072,0
DA:1073,0
DA:1074,0
DA:1075,0
DA:1076,0
DA:1079,0
DA:1080,0
DA:1082,44
DA:1084,44
DA:1086,0
DA:1087,0
DA:1088,0
DA:1089,0
DA:1090,0
DA:1091,0
DA:1092,0
DA:1093,0
DA:1094,0
DA:1095,0
DA:1096,0
DA:1097,0
DA:1098,0
DA:1099,0
DA:1100,0
DA:1101,0
DA:1102,0
DA:1103,0
DA:1104,0
DA:1105,0
DA:1107,0
DA:1109,0
DA:1110,0
DA:1111,0
DA:1112,0
DA:1113,0
DA:1114,0
DA:1115,0
DA:1116,0
DA:1117,0
DA:1119,0
DA:1120,0
DA:1122,0
DA:1124,0
BRF:0
BRH:0
LF:798
LH:194
end_of_record
SF:/home/mako10k/lzscr/crates/lzscr-coreir/src/lib.rs
FN:254,_RNvCsgs0wQZRdouW_12lzscr_coreir10print_term
FN:323,_RNvCsgs0wQZRdouW_12lzscr_coreir12eval_builtin
FN:351,_RNvCsgs0wQZRdouW_12lzscr_coreir13builtin_arity
FN:443,_RNvCsgs0wQZRdouW_12lzscr_coreir14print_ir_value
FN:389,_RNvCsgs0wQZRdouW_12lzscr_coreir18eval_term_with_env
FN:55,_RNvCsgs0wQZRdouW_12lzscr_coreir18lower_expr_to_core
FN:313,_RNvCsgs0wQZRdouW_12lzscr_coreir19is_simple_var_param
FN:359,_RNvCsgs0wQZRdouW_12lzscr_coreir8eval_app
FN:438,_RNvCsgs0wQZRdouW_12lzscr_coreir9eval_term
FN:45,_RNvMCsgs0wQZRdouW_12lzscr_coreirNtB2_4Term3new
FN:99,_RNvNvCsgs0wQZRdouW_12lzscr_coreir18lower_expr_to_core13print_pattern
FN:56,_RNvNvCsgs0wQZRdouW_12lzscr_coreir18lower_expr_to_core15print_type_expr
FN:279,_RNCNvCsgs0wQZRdouW_12lzscr_coreir10print_term0B3_
FN:157,_RNCNvCsgs0wQZRdouW_12lzscr_coreir18lower_expr_to_core0B3_
FN:316,_RNCNvCsgs0wQZRdouW_12lzscr_coreir19is_simple_var_param0B3_
FN:137,_RNCNvNvCsgs0wQZRdouW_12lzscr_coreir18lower_expr_to_core13print_pattern0B5_
FN:80,_RNCNvNvCsgs0wQZRdouW_12lzscr_coreir18lower_expr_to_core15print_type_expr0B5_
FN:254,_RNvCsdbhgRXBzRVi_12lzscr_coreir10print_term
FN:323,_RNvCsdbhgRXBzRVi_12lzscr_coreir12eval_builtin
FN:351,_RNvCsdbhgRXBzRVi_12lzscr_coreir13builtin_arity
FN:443,_RNvCsdbhgRXBzRVi_12lzscr_coreir14print_ir_value
FN:389,_RNvCsdbhgRXBzRVi_12lzscr_coreir18eval_term_with_env
FN:55,_RNvCsdbhgRXBzRVi_12lzscr_coreir18lower_expr_to_core
FN:313,_RNvCsdbhgRXBzRVi_12lzscr_coreir19is_simple_var_param
FN:359,_RNvCsdbhgRXBzRVi_12lzscr_coreir8eval_app
FN:438,_RNvCsdbhgRXBzRVi_12lzscr_coreir9eval_term
FN:45,_RNvMCsdbhgRXBzRVi_12lzscr_coreirNtB2_4Term3new
FN:99,_RNvNvCsdbhgRXBzRVi_12lzscr_coreir18lower_expr_to_core13print_pattern
FN:56,_RNvNvCsdbhgRXBzRVi_12lzscr_coreir18lower_expr_to_core15print_type_expr
FN:279,_RNCNvCsdbhgRXBzRVi_12lzscr_coreir10print_term0B3_
FN:157,_RNCNvCsdbhgRXBzRVi_12lzscr_coreir18lower_expr_to_core0B3_
FN:316,_RNCNvCsdbhgRXBzRVi_12lzscr_coreir19is_simple_var_param0B3_
FN:137,_RNCNvNvCsdbhgRXBzRVi_12lzscr_coreir18lower_expr_to_core13print_pattern0B5_
FN:80,_RNCNvNvCsdbhgRXBzRVi_12lzscr_coreir18lower_expr_to_core15print_type_expr0B5_
FN:471,_RNvNtCsdbhgRXBzRVi_12lzscr_coreir5tests5apply
FN:465,_RNvNtCsdbhgRXBzRVi_12lzscr_coreir5tests8int_expr
FN:468,_RNvNtCsdbhgRXBzRVi_12lzscr_coreir5tests8ref_expr
FN:549,_RNvNtCsdbhgRXBzRVi_12lzscr_coreir5testss_19lower_let_group_seq
FN:655,_RNvNtCsdbhgRXBzRVi_12lzscr_coreir5testss_20eval_ir_add_and_bind
FN:598,_RNvNtCsdbhgRXBzRVi_12lzscr_coreir5testss_20lower_chain_and_bind
FN:476,_RNvNtCsdbhgRXBzRVi_12lzscr_coreir5testss_22lower_seq_special_form
FN:495,_RNvNtCsdbhgRXBzRVi_12lzscr_coreir5testss_33lower_alt_lambda_to_alt_app_chain
FN:568,_RNvNtCsdbhgRXBzRVi_12lzscr_coreir5testss_48lower_let_group_with_typedecls_ignored_in_coreir
FNDA:7,_RNvCsgs0wQZRdouW_12lzscr_coreir10print_term
FNDA:0,_RNvCsgs0wQZRdouW_12lzscr_coreir12eval_builtin
FNDA:0,_RNvCsgs0wQZRdouW_12lzscr_coreir13builtin_arity
FNDA:0,_RNvCsgs0wQZRdouW_12lzscr_coreir14print_ir_value
FNDA:0,_RNvCsgs0wQZRdouW_12lzscr_coreir18eval_term_with_env
FNDA:14,_RNvCsgs0wQZRdouW_12lzscr_coreir18lower_expr_to_core
FNDA:0,_RNvCsgs0wQZRdouW_12lzscr_coreir19is_simple_var_param
FNDA:0,_RNvCsgs0wQZRdouW_12lzscr_coreir8eval_app
FNDA:0,_RNvCsgs0wQZRdouW_12lzscr_coreir9eval_term
FNDA:14,_RNvMCsgs0wQZRdouW_12lzscr_coreirNtB2_4Term3new
FNDA:0,_RNvNvCsgs0wQZRdouW_12lzscr_coreir18lower_expr_to_core13print_pattern
FNDA:0,_RNvNvCsgs0wQZRdouW_12lzscr_coreir18lower_expr_to_core15print_type_expr
FNDA:0,_RNCNvCsgs0wQZRdouW_12lzscr_coreir10print_term0B3_
FNDA:0,_RNCNvCsgs0wQZRdouW_12lzscr_coreir18lower_expr_to_core0B3_
FNDA:0,_RNCNvCsgs0wQZRdouW_12lzscr_coreir19is_simple_var_param0B3_
FNDA:0,_RNCNvNvCsgs0wQZRdouW_12lzscr_coreir18lower_expr_to_core13print_pattern0B5_
FNDA:0,_RNCNvNvCsgs0wQZRdouW_12lzscr_coreir18lower_expr_to_core15print_type_expr0B5_
FNDA:12,_RNvCsdbhgRXBzRVi_12lzscr_coreir10print_term
FNDA:1,_RNvCsdbhgRXBzRVi_12lzscr_coreir12eval_builtin
FNDA:3,_RNvCsdbhgRXBzRVi_12lzscr_coreir13builtin_arity
FNDA:2,_RNvCsdbhgRXBzRVi_12lzscr_coreir14print_ir_value
FNDA:9,_RNvCsdbhgRXBzRVi_12lzscr_coreir18eval_term_with_env
FNDA:33,_RNvCsdbhgRXBzRVi_12lzscr_coreir18lower_expr_to_core
FNDA:1,_RNvCsdbhgRXBzRVi_12lzscr_coreir19is_simple_var_param
FNDA:3,_RNvCsdbhgRXBzRVi_12lzscr_coreir8eval_app
FNDA:2,_RNvCsdbhgRXBzRVi_12lzscr_coreir9eval_term
FNDA:38,_RNvMCsdbhgRXBzRVi_12lzscr_coreirNtB2_4Term3new
FNDA:6,_RNvNvCsdbhgRXBzRVi_12lzscr_coreir18lower_expr_to_core13print_pattern
FNDA:0,_RNvNvCsdbhgRXBzRVi_12lzscr_coreir18lower_expr_to_core15print_type_expr
FNDA:2,_RNCNvCsdbhgRXBzRVi_12lzscr_coreir10print_term0B3_
FNDA:2,_RNCNvCsdbhgRXBzRVi_12lzscr_coreir18lower_expr_to_core0B3_
FNDA:1,_RNCNvCsdbhgRXBzRVi_12lzscr_coreir19is_simple_var_param0B3_
FNDA:0,_RNCNvNvCsdbhgRXBzRVi_12lzscr_coreir18lower_expr_to_core13print_pattern0B5_
FNDA:0,_RNCNvNvCsdbhgRXBzRVi_12lzscr_coreir18lower_expr_to_core15print_type_expr0B5_
FNDA:4,_RNvNtCsdbhgRXBzRVi_12lzscr_coreir5tests5apply
FNDA:3,_RNvNtCsdbhgRXBzRVi_12lzscr_coreir5tests8int_expr
FNDA:2,_RNvNtCsdbhgRXBzRVi_12lzscr_coreir5tests8ref_expr
FNDA:1,_RNvNtCsdbhgRXBzRVi_12lzscr_coreir5testss_19lower_let_group_seq
FNDA:1,_RNvNtCsdbhgRXBzRVi_12lzscr_coreir5testss_20eval_ir_add_and_bind
FNDA:1,_RNvNtCsdbhgRXBzRVi_12lzscr_coreir5testss_20lower_chain_and_bind
FNDA:1,_RNvNtCsdbhgRXBzRVi_12lzscr_coreir5testss_22lower_seq_special_form
FNDA:1,_RNvNtCsdbhgRXBzRVi_12lzscr_coreir5testss_33lower_alt_lambda_to_alt_app_chain
FNDA:1,_RNvNtCsdbhgRXBzRVi_12lzscr_coreir5testss_48lower_let_group_with_typedecls_ignored_in_coreir
FNF:26
FNH:23
DA:45,52
DA:46,52
DA:47,52
DA:55,47
DA:56,0
DA:57,0
DA:58,0
DA:59,0
DA:60,0
DA:61,0
DA:62,0
DA:63,0
DA:64,0
DA:65,0
DA:66,0
DA:67,0
DA:69,0
DA:72,0
DA:73,0
DA:74,0
DA:75,0
DA:77,0
DA:78,0
DA:79,0
DA:80,0
DA:81,0
DA:82,0
DA:83,0
DA:85,0
DA:86,0
DA:87,0
DA:88,0
DA:90,0
DA:91,0
DA:93,0
DA:98,0
DA:99,6
DA:100,6
DA:101,0
DA:102,6
DA:103,0
DA:104,0
DA:105,0
DA:107,0
DA:108,0
DA:110,0
DA:111,0
DA:112,0
DA:113,0
DA:115,0
DA:116,0
DA:118,0
DA:122,0
DA:123,0
DA:124,0
DA:125,0
DA:126,0
DA:127,0
DA:128,0
DA:129,0
DA:130,0
DA:131,0
DA:133,0
DA:134,0
DA:135,0
DA:136,0
DA:137,0
DA:138,0
DA:139,0
DA:140,0
DA:142,0
DA:144,6
DA:145,47
DA:146,0
DA:147,0
DA:148,0
DA:149,16
DA:150,0
DA:151,0
DA:152,0
DA:153,10
DA:154,0
DA:155,2
DA:156,2
DA:157,2
DA:158,2
DA:160,0
DA:162,0
DA:163,0
DA:164,0
DA:165,0
DA:166,0
DA:167,0
DA:168,0
DA:169,0
DA:170,0
DA:171,0
DA:173,0
DA:175,0
DA:176,0
DA:178,1
DA:180,1
DA:181,1
DA:182,1
DA:183,1
DA:184,1
DA:185,1
DA:186,1
DA:187,1
DA:188,1
DA:189,1
DA:190,1
DA:191,1
DA:192,1
DA:194,0
DA:196,0
DA:197,0
DA:198,0
DA:199,0
DA:201,0
DA:202,0
DA:203,0
DA:204,0
DA:205,0
DA:207,4
DA:208,4
DA:209,4
DA:211,14
DA:213,14
DA:214,10
DA:215,10
DA:216,3
DA:217,3
DA:218,3
DA:219,3
DA:220,7
DA:221,0
DA:222,4
DA:224,11
DA:225,7
DA:226,7
DA:227,1
DA:228,1
DA:229,1
DA:230,1
DA:231,6
DA:232,0
DA:233,4
DA:235,10
DA:236,6
DA:237,6
DA:238,2
DA:239,2
DA:240,2
DA:241,2
DA:242,4
DA:243,0
DA:244,4
DA:245,8
DA:246,8
DA:247,8
DA:248,8
DA:250,0
DA:252,47
DA:254,19
DA:255,19
DA:256,0
DA:257,7
DA:258,0
DA:259,0
DA:260,0
DA:261,0
DA:262,0
DA:263,0
DA:264,0
DA:265,0
DA:267,4
DA:268,0
DA:269,1
DA:270,2
DA:271,1
DA:272,1
DA:273,1
DA:275,1
DA:276,2
DA:277,2
DA:278,2
DA:279,2
DA:280,2
DA:281,2
DA:282,2
DA:285,19
DA:313,1
DA:315,1
DA:316,1
DA:317,1
DA:318,0
DA:319,0
DA:320,0
DA:321,1
DA:323,1
DA:324,1
DA:325,1
DA:326,0
DA:327,0
DA:328,0
DA:329,0
DA:331,0
DA:332,0
DA:333,0
DA:334,0
DA:335,0
DA:336,0
DA:337,0
DA:338,0
DA:339,0
DA:340,0
DA:341,0
DA:342,0
DA:344,0
DA:345,0
DA:347,0
DA:349,1
DA:351,3
DA:352,3
DA:353,3
DA:354,0
DA:355,0
DA:357,3
DA:359,3
DA:360,3
DA:361,1
DA:362,1
DA:363,1
DA:365,2
DA:366,2
DA:367,2
DA:368,2
DA:369,1
DA:370,1
DA:371,1
DA:374,0
DA:375,0
DA:376,0
DA:377,0
DA:379,0
DA:382,0
DA:385,0
DA:387,3
DA:389,9
DA:390,9
DA:391,9
DA:392,9
DA:393,9
DA:394,0
DA:395,3
DA:396,0
DA:397,0
DA:398,0
DA:399,0
DA:400,2
DA:401,2
DA:402,1
DA:403,1
DA:405,1
DA:406,1
DA:407,0
DA:408,0
DA:410,0
DA:411,1
DA:412,1
DA:413,0
DA:415,1
DA:417,2
DA:418,2
DA:419,2
DA:420,2
DA:422,0
DA:423,0
DA:424,0
DA:426,1
DA:427,1
DA:428,1
DA:429,1
DA:433,0
DA:436,9
DA:438,2
DA:439,2
DA:440,2
DA:441,2
DA:443,2
DA:444,2
DA:445,0
DA:446,2
DA:447,0
DA:448,0
DA:449,0
DA:450,0
DA:451,0
DA:452,0
DA:453,0
DA:454,0
DA:456,0
DA:458,2
DA:465,3
DA:466,3
DA:467,3
DA:468,2
DA:469,2
DA:470,2
DA:471,4
DA:472,4
DA:473,4
DA:476,1
DA:478,1
DA:479,1
DA:480,1
DA:481,1
DA:482,1
DA:483,1
DA:484,1
DA:485,1
DA:486,1
DA:487,1
DA:488,1
DA:489,1
DA:490,0
DA:492,1
DA:495,1
DA:498,1
DA:499,1
DA:500,1
DA:501,1
DA:502,1
DA:503,1
DA:505,1
DA:506,1
DA:507,1
DA:508,1
DA:509,1
DA:510,1
DA:512,1
DA:513,1
DA:514,1
DA:516,1
DA:517,1
DA:518,1
DA:519,1
DA:521,1
DA:523,1
DA:524,1
DA:525,0
DA:528,1
DA:529,1
DA:530,1
DA:531,1
DA:532,0
DA:535,0
DA:538,0
DA:541,0
DA:544,0
DA:546,1
DA:549,1
DA:551,1
DA:552,1
DA:553,1
DA:554,1
DA:555,1
DA:556,1
DA:557,1
DA:558,1
DA:559,1
DA:560,1
DA:562,1
DA:563,1
DA:564,1
DA:565,1
DA:568,1
DA:571,1
DA:572,1
DA:573,1
DA:574,1
DA:575,1
DA:576,1
DA:577,1
DA:578,1
DA:579,1
DA:581,1
DA:582,1
DA:583,1
DA:584,1
DA:585,1
DA:586,1
DA:587,1
DA:588,1
DA:589,1
DA:590,1
DA:592,1
DA:593,1
DA:594,1
DA:595,1
DA:598,1
DA:601,1
DA:602,1
DA:603,1
DA:604,1
DA:605,1
DA:606,1
DA:607,1
DA:608,1
DA:609,1
DA:610,1
DA:612,1
DA:613,1
DA:614,1
DA:615,1
DA:616,1
DA:617,1
DA:618,1
DA:619,1
DA:620,1
DA:622,1
DA:623,1
DA:624,1
DA:625,1
DA:626,1
DA:627,1
DA:628,1
DA:629,1
DA:630,1
DA:632,1
DA:633,1
DA:634,1
DA:635,1
DA:636,1
DA:637,0
DA:639,1
DA:640,1
DA:641,1
DA:642,0
DA:644,0
DA:647,0
DA:649,1
DA:650,1
DA:651,1
DA:652,1
DA:655,1
DA:658,1
DA:659,1
DA:660,1
DA:661,1
DA:662,1
DA:663,1
DA:664,1
DA:665,1
DA:667,1
DA:668,1
DA:669,1
DA:672,1
DA:673,1
DA:674,1
DA:675,1
DA:676,1
DA:677,1
DA:678,1
DA:679,1
DA:681,1
DA:682,1
DA:683,1
DA:684,1
DA:685,1
DA:686,1
DA:687,1
DA:688,1
DA:689,1
DA:691,1
DA:692,1
DA:693,1
DA:694,1
BRF:0
BRH:0
LF:484
LH:306
end_of_record
SF:/home/mako10k/lzscr/crates/lzscr-format/src/lib.rs
FN:28,_RNCNvCsPcEQroRf2d_12lzscr_format13format_source0B3_
FN:44,_RNCNvCsPcEQroRf2d_12lzscr_format18format_file_source0B3_
FN:34,_RNCNvCsPcEQroRf2d_12lzscr_format26format_source_with_options0B3_
FN:59,_RNCNvCsPcEQroRf2d_12lzscr_format31format_file_source_with_options0B3_
FN:26,_RNvCsPcEQroRf2d_12lzscr_format13format_source
FN:42,_RNvCsPcEQroRf2d_12lzscr_format18format_file_source
FN:33,_RNvCsPcEQroRf2d_12lzscr_format26format_source_with_options
FN:54,_RNvCsPcEQroRf2d_12lzscr_format31format_file_source_with_options
FN:19,_RNvXCsPcEQroRf2d_12lzscr_formatNtB2_13FormatOptionsNtNtCs66KPHxksi63_4core7default7Default7default
FN:28,_RNCNvCs31mW4QLapHS_12lzscr_format13format_source0B3_
FN:73,_RNvNtCs31mW4QLapHS_12lzscr_format5testss_11formats_add
FN:44,_RNCNvCs31mW4QLapHS_12lzscr_format18format_file_source0B3_
FN:34,_RNCNvCs31mW4QLapHS_12lzscr_format26format_source_with_options0B3_
FN:59,_RNCNvCs31mW4QLapHS_12lzscr_format31format_file_source_with_options0B3_
FN:42,_RNvCs31mW4QLapHS_12lzscr_format18format_file_source
FN:33,_RNvCs31mW4QLapHS_12lzscr_format26format_source_with_options
FN:54,_RNvCs31mW4QLapHS_12lzscr_format31format_file_source_with_options
FN:19,_RNvXCs31mW4QLapHS_12lzscr_formatNtB2_13FormatOptionsNtNtCs66KPHxksi63_4core7default7Default7default
FN:26,_RNvCs31mW4QLapHS_12lzscr_format13format_source
FNDA:0,_RNCNvCsPcEQroRf2d_12lzscr_format13format_source0B3_
FNDA:0,_RNCNvCsPcEQroRf2d_12lzscr_format18format_file_source0B3_
FNDA:0,_RNCNvCsPcEQroRf2d_12lzscr_format26format_source_with_options0B3_
FNDA:0,_RNCNvCsPcEQroRf2d_12lzscr_format31format_file_source_with_options0B3_
FNDA:0,_RNvCsPcEQroRf2d_12lzscr_format13format_source
FNDA:0,_RNvCsPcEQroRf2d_12lzscr_format18format_file_source
FNDA:0,_RNvCsPcEQroRf2d_12lzscr_format26format_source_with_options
FNDA:0,_RNvCsPcEQroRf2d_12lzscr_format31format_file_source_with_options
FNDA:0,_RNvXCsPcEQroRf2d_12lzscr_formatNtB2_13FormatOptionsNtNtCs66KPHxksi63_4core7default7Default7default
FNDA:0,_RNCNvCs31mW4QLapHS_12lzscr_format13format_source0B3_
FNDA:1,_RNvNtCs31mW4QLapHS_12lzscr_format5testss_11formats_add
FNDA:0,_RNCNvCs31mW4QLapHS_12lzscr_format18format_file_source0B3_
FNDA:0,_RNCNvCs31mW4QLapHS_12lzscr_format26format_source_with_options0B3_
FNDA:0,_RNCNvCs31mW4QLapHS_12lzscr_format31format_file_source_with_options0B3_
FNDA:0,_RNvCs31mW4QLapHS_12lzscr_format18format_file_source
FNDA:0,_RNvCs31mW4QLapHS_12lzscr_format26format_source_with_options
FNDA:0,_RNvCs31mW4QLapHS_12lzscr_format31format_file_source_with_options
FNDA:0,_RNvXCs31mW4QLapHS_12lzscr_formatNtB2_13FormatOptionsNtNtCs66KPHxksi63_4core7default7Default7default
FNDA:1,_RNvCs31mW4QLapHS_12lzscr_format13format_source
FNF:10
FNH:2
DA:19,0
DA:20,0
DA:21,0
DA:26,1
DA:28,1
DA:29,1
DA:30,1
DA:33,0
DA:34,0
DA:35,0
DA:36,0
DA:37,0
DA:42,0
DA:43,0
DA:44,0
DA:46,0
DA:47,0
DA:48,0
DA:49,0
DA:50,0
DA:51,0
DA:54,0
DA:55,0
DA:56,0
DA:57,0
DA:58,0
DA:59,0
DA:60,0
DA:61,0
DA:62,0
DA:63,0
DA:64,0
DA:65,0
DA:66,0
DA:73,1
DA:74,1
DA:75,1
DA:77,1
DA:78,1
BRF:0
BRH:0
LF:43
LH:9
end_of_record
SF:/home/mako10k/lzscr/crates/lzscr-lexer/src/lib.rs
FN:152,_RNvCs2LeMch6PvLJ_11lzscr_lexer10parse_char
FN:133,_RNvCs2LeMch6PvLJ_11lzscr_lexer12parse_string
FN:192,_RNvCs2LeMch6PvLJ_11lzscr_lexer19parse_block_comment
FN:229,_RNvCs2LeMch6PvLJ_11lzscr_lexer3lex
FN:4,_RNvNvXs_Cs2LeMch6PvLJ_11lzscr_lexerNtB6_3TokNtCskXOVIAsYYPn_5logos5Logos3lex11goto118_at1B6_
FN:4,_RNvNvXs_Cs2LeMch6PvLJ_11lzscr_lexerNtB6_3TokNtCskXOVIAsYYPn_5logos5Logos3lex14goto62_ctx61_xB6_
FN:152,_RNvCslA6oAf4QloK_11lzscr_lexer10parse_char
FN:133,_RNvCslA6oAf4QloK_11lzscr_lexer12parse_string
FN:192,_RNvCslA6oAf4QloK_11lzscr_lexer19parse_block_comment
FN:229,_RNvCslA6oAf4QloK_11lzscr_lexer3lex
FN:4,_RNvNvXs_CslA6oAf4QloK_11lzscr_lexerNtB6_3TokNtCskXOVIAsYYPn_5logos5Logos3lex11goto118_at1B6_
FN:4,_RNvNvXs_CslA6oAf4QloK_11lzscr_lexerNtB6_3TokNtCskXOVIAsYYPn_5logos5Logos3lex14goto62_ctx61_xB6_
FNDA:6,_RNvCs2LeMch6PvLJ_11lzscr_lexer10parse_char
FNDA:24,_RNvCs2LeMch6PvLJ_11lzscr_lexer12parse_string
FNDA:0,_RNvCs2LeMch6PvLJ_11lzscr_lexer19parse_block_comment
FNDA:87,_RNvCs2LeMch6PvLJ_11lzscr_lexer3lex
FNDA:4,_RNvNvXs_Cs2LeMch6PvLJ_11lzscr_lexerNtB6_3TokNtCskXOVIAsYYPn_5logos5Logos3lex11goto118_at1B6_
FNDA:24,_RNvNvXs_Cs2LeMch6PvLJ_11lzscr_lexerNtB6_3TokNtCskXOVIAsYYPn_5logos5Logos3lex14goto62_ctx61_xB6_
FNDA:0,_RNvCslA6oAf4QloK_11lzscr_lexer10parse_char
FNDA:0,_RNvCslA6oAf4QloK_11lzscr_lexer12parse_string
FNDA:0,_RNvCslA6oAf4QloK_11lzscr_lexer19parse_block_comment
FNDA:0,_RNvCslA6oAf4QloK_11lzscr_lexer3lex
FNDA:0,_RNvNvXs_CslA6oAf4QloK_11lzscr_lexerNtB6_3TokNtCskXOVIAsYYPn_5logos5Logos3lex11goto118_at1B6_
FNDA:0,_RNvNvXs_CslA6oAf4QloK_11lzscr_lexerNtB6_3TokNtCskXOVIAsYYPn_5logos5Logos3lex14goto62_ctx61_xB6_
FNF:5
FNH:4
DA:4,28
DA:133,24
DA:134,24
DA:135,24
DA:136,24
DA:137,24
DA:138,48
DA:139,24
DA:140,0
DA:141,0
DA:142,0
DA:143,0
DA:145,24
DA:146,24
DA:147,24
DA:149,24
DA:150,24
DA:152,6
DA:153,6
DA:155,6
DA:156,0
DA:157,6
DA:158,6
DA:159,6
DA:160,6
DA:162,2
DA:163,0
DA:164,0
DA:165,2
DA:166,0
DA:167,0
DA:168,0
DA:171,0
DA:172,0
DA:173,0
DA:174,0
DA:175,0
DA:176,0
DA:177,0
DA:178,0
DA:179,0
DA:181,0
DA:182,0
DA:184,0
DA:187,4
DA:189,6
DA:190,6
DA:192,0
DA:194,0
DA:195,0
DA:196,0
DA:197,0
DA:198,0
DA:199,0
DA:200,0
DA:201,0
DA:202,0
DA:203,0
DA:204,0
DA:205,0
DA:206,0
DA:207,0
DA:208,0
DA:209,0
DA:210,0
DA:211,0
DA:212,0
DA:213,0
DA:216,0
DA:217,0
DA:218,0
DA:219,0
DA:220,0
DA:229,87
DA:230,87
DA:231,87
DA:232,936
DA:233,849
DA:234,849
DA:235,849
DA:236,849
DA:237,849
DA:238,849
DA:239,849
DA:240,849
DA:242,87
DA:243,87
BRF:0
BRH:0
LF:87
LH:39
end_of_record
SF:/home/mako10k/lzscr/crates/lzscr-parser/src/lib.rs
FN:13,_RNvCs9nG5uWxm0ao_12lzscr_parser10parse_expr
FN:699,_RNvNvCs9nG5uWxm0ao_12lzscr_parser10parse_expr10parse_atom
FN:429,_RNvNvCs9nG5uWxm0ao_12lzscr_parser10parse_expr12nest_lambdas
FN:1260,_RNvNvCs9nG5uWxm0ao_12lzscr_parser10parse_expr13parse_expr_bp
FN:321,_RNvNvCs9nG5uWxm0ao_12lzscr_parser10parse_expr13parse_pattern
FN:40,_RNvNvCs9nG5uWxm0ao_12lzscr_parser10parse_expr14parse_pat_atom
FN:400,_RNvNvCs9nG5uWxm0ao_12lzscr_parser10parse_expr15collect_binders
FN:439,_RNvNvCs9nG5uWxm0ao_12lzscr_parser10parse_expr15parse_type_expr
FN:583,_RNvNvCs9nG5uWxm0ao_12lzscr_parser10parse_expr19try_parse_type_decl
FN:359,_RNvNvCs9nG5uWxm0ao_12lzscr_parser10parse_expr25try_parse_lhs_param_chain
FN:28,_RNvNvCs9nG5uWxm0ao_12lzscr_parser10parse_expr4bump
FN:22,_RNvNvCs9nG5uWxm0ao_12lzscr_parser10parse_expr4peek
FN:707,_RNvNvNvCs9nG5uWxm0ao_12lzscr_parser10parse_expr10parse_atom10parse_type
FN:557,_RNvNvNvCs9nG5uWxm0ao_12lzscr_parser10parse_expr15parse_type_expr13parse_type_bp
FN:443,_RNvNvNvCs9nG5uWxm0ao_12lzscr_parser10parse_expr15parse_type_expr15parse_type_atom
FN:774,_RNvNvNvNvCs9nG5uWxm0ao_12lzscr_parser10parse_expr10parse_atom10parse_type13parse_type_bp
FN:709,_RNvNvNvNvCs9nG5uWxm0ao_12lzscr_parser10parse_expr10parse_atom10parse_type15parse_type_atom
FN:15,_RNCNvCs9nG5uWxm0ao_12lzscr_parser10parse_expr0B3_
FN:19,_RNCNvCs9nG5uWxm0ao_12lzscr_parser10parse_exprs_0B3_
FN:703,_RNCNvNvCs9nG5uWxm0ao_12lzscr_parser10parse_expr10parse_atom0B5_
FN:829,_RNCNvNvCs9nG5uWxm0ao_12lzscr_parser10parse_expr10parse_atoms0_0B5_
FN:842,_RNCNvNvCs9nG5uWxm0ao_12lzscr_parser10parse_expr10parse_atoms1_0B5_
FN:845,_RNCNvNvCs9nG5uWxm0ao_12lzscr_parser10parse_expr10parse_atoms2_0B5_
FN:857,_RNCNvNvCs9nG5uWxm0ao_12lzscr_parser10parse_expr10parse_atoms3_0B5_
FN:885,_RNCNvNvCs9nG5uWxm0ao_12lzscr_parser10parse_expr10parse_atoms4_0B5_
FN:918,_RNCNvNvCs9nG5uWxm0ao_12lzscr_parser10parse_expr10parse_atoms5_0B5_
FN:946,_RNCNvNvCs9nG5uWxm0ao_12lzscr_parser10parse_expr10parse_atoms6_0B5_
FN:997,_RNCNvNvCs9nG5uWxm0ao_12lzscr_parser10parse_expr10parse_atoms7_0B5_
FN:1011,_RNCNvNvCs9nG5uWxm0ao_12lzscr_parser10parse_expr10parse_atoms8_0B5_
FN:1050,_RNCNvNvCs9nG5uWxm0ao_12lzscr_parser10parse_expr10parse_atoms9_0B5_
FN:794,_RNCNvNvCs9nG5uWxm0ao_12lzscr_parser10parse_expr10parse_atoms_0B5_
FN:1055,_RNCNvNvCs9nG5uWxm0ao_12lzscr_parser10parse_expr10parse_atomsa_0B5_
FN:1069,_RNCNvNvCs9nG5uWxm0ao_12lzscr_parser10parse_expr10parse_atomsb_0B5_
FN:1101,_RNCNvNvCs9nG5uWxm0ao_12lzscr_parser10parse_expr10parse_atomsc_0B5_
FN:1106,_RNCNvNvCs9nG5uWxm0ao_12lzscr_parser10parse_expr10parse_atomsd_0B5_
FN:1119,_RNCNvNvCs9nG5uWxm0ao_12lzscr_parser10parse_expr10parse_atomse_0B5_
FN:1189,_RNCNvNvCs9nG5uWxm0ao_12lzscr_parser10parse_expr10parse_atomsf_0B5_
FN:1202,_RNCNvNvCs9nG5uWxm0ao_12lzscr_parser10parse_expr10parse_atomsg_0B5_
FN:1211,_RNCNvNvCs9nG5uWxm0ao_12lzscr_parser10parse_expr10parse_atomsh_0B5_
FN:1218,_RNCNvNvCs9nG5uWxm0ao_12lzscr_parser10parse_expr10parse_atomsi_0B5_
FN:45,_RNCNvNvCs9nG5uWxm0ao_12lzscr_parser10parse_expr14parse_pat_atom0B5_
FN:78,_RNCNvNvCs9nG5uWxm0ao_12lzscr_parser10parse_expr14parse_pat_atoms0_0B5_
FN:100,_RNCNvNvCs9nG5uWxm0ao_12lzscr_parser10parse_expr14parse_pat_atoms1_0B5_
FN:134,_RNCNvNvCs9nG5uWxm0ao_12lzscr_parser10parse_expr14parse_pat_atoms2_0B5_
FN:149,_RNCNvNvCs9nG5uWxm0ao_12lzscr_parser10parse_expr14parse_pat_atoms3_0B5_
FN:184,_RNCNvNvCs9nG5uWxm0ao_12lzscr_parser10parse_expr14parse_pat_atoms4_0B5_
FN:199,_RNCNvNvCs9nG5uWxm0ao_12lzscr_parser10parse_expr14parse_pat_atoms5_0B5_
FN:222,_RNCNvNvCs9nG5uWxm0ao_12lzscr_parser10parse_expr14parse_pat_atoms6_0B5_
FN:233,_RNCNvNvCs9nG5uWxm0ao_12lzscr_parser10parse_expr14parse_pat_atoms7_0B5_
FN:243,_RNCNvNvCs9nG5uWxm0ao_12lzscr_parser10parse_expr14parse_pat_atoms8_0B5_
FN:258,_RNCNvNvCs9nG5uWxm0ao_12lzscr_parser10parse_expr14parse_pat_atoms9_0B5_
FN:66,_RNCNvNvCs9nG5uWxm0ao_12lzscr_parser10parse_expr14parse_pat_atoms_0B5_
FN:689,_RNCNvNvCs9nG5uWxm0ao_12lzscr_parser10parse_expr19try_parse_type_decl0B5_
FN:447,_RNCNvNvNvCs9nG5uWxm0ao_12lzscr_parser10parse_expr15parse_type_expr15parse_type_atom0B7_
FN:506,_RNCNvNvNvCs9nG5uWxm0ao_12lzscr_parser10parse_expr15parse_type_expr15parse_type_atoms0_0B7_
FN:517,_RNCNvNvNvCs9nG5uWxm0ao_12lzscr_parser10parse_expr15parse_type_expr15parse_type_atoms1_0B7_
FN:525,_RNCNvNvNvCs9nG5uWxm0ao_12lzscr_parser10parse_expr15parse_type_expr15parse_type_atoms2_0B7_
FN:463,_RNCNvNvNvCs9nG5uWxm0ao_12lzscr_parser10parse_expr15parse_type_expr15parse_type_atoms_0B7_
FN:710,_RNCNvNvNvNvCs9nG5uWxm0ao_12lzscr_parser10parse_expr10parse_atom10parse_type15parse_type_atom0B9_
FN:755,_RNCNvNvNvNvCs9nG5uWxm0ao_12lzscr_parser10parse_expr10parse_atom10parse_type15parse_type_atoms0_0B9_
FN:757,_RNCNvNvNvNvCs9nG5uWxm0ao_12lzscr_parser10parse_expr10parse_atom10parse_type15parse_type_atoms1_0B9_
FN:761,_RNCNvNvNvNvCs9nG5uWxm0ao_12lzscr_parser10parse_expr10parse_atom10parse_type15parse_type_atoms2_0B9_
FN:728,_RNCNvNvNvNvCs9nG5uWxm0ao_12lzscr_parser10parse_expr10parse_atom10parse_type15parse_type_atoms_0B9_
FN:1508,_RNvNtCsbUhW39O1vkP_12lzscr_parser5testss_16cons_right_assoc
FN:1533,_RNvNtCsbUhW39O1vkP_12lzscr_parser5testss_17type_value_parses
FN:1498,_RNvNtCsbUhW39O1vkP_12lzscr_parser5testss_18list_literal_basic
FN:1488,_RNvNtCsbUhW39O1vkP_12lzscr_parser5testss_18list_literal_empty
FN:1582,_RNvNtCsbUhW39O1vkP_12lzscr_parser5testss_18pattern_cons_parse
FN:1641,_RNvNtCsbUhW39O1vkP_12lzscr_parser5testss_21let_group_parse_basic
FN:1606,_RNvNtCsbUhW39O1vkP_12lzscr_parser5testss_22alt_lambda_right_assoc
FN:1517,_RNvNtCsbUhW39O1vkP_12lzscr_parser5testss_22type_annotation_parses
FN:1549,_RNvNtCsbUhW39O1vkP_12lzscr_parser5testss_23pattern_list_vars_parse
FN:1628,_RNvNtCsbUhW39O1vkP_12lzscr_parser5testss_27alt_lambda_lower_than_arrow
FN:1599,_RNvNtCsbUhW39O1vkP_12lzscr_parser5testss_27alt_lambda_requires_lambdas
FN:1455,_RNvNtCsbUhW39O1vkP_12lzscr_parser5testss_27record_literal_ident_key_ok
FN:1614,_RNvNtCsbUhW39O1vkP_12lzscr_parser5testss_29char_literal_basic_and_escape
FN:1668,_RNvNtCsbUhW39O1vkP_12lzscr_parser5testss_30letgroup_with_leading_bindings
FN:1677,_RNvNtCsbUhW39O1vkP_12lzscr_parser5testss_31letgroup_with_trailing_bindings
FN:1567,_RNvNtCsbUhW39O1vkP_12lzscr_parser5testss_32pattern_list_bare_ident_rejected
FN:1462,_RNvNtCsbUhW39O1vkP_12lzscr_parser5testss_34record_literal_string_key_rejected
FN:1474,_RNvNtCsbUhW39O1vkP_12lzscr_parser5testss_34record_pattern_string_key_rejected
FN:1658,_RNvNtCsbUhW39O1vkP_12lzscr_parser5testss_45group_without_bindings_is_plain_group_or_unit
FN:13,_RNvCsbUhW39O1vkP_12lzscr_parser10parse_expr
FN:699,_RNvNvCsbUhW39O1vkP_12lzscr_parser10parse_expr10parse_atom
FN:429,_RNvNvCsbUhW39O1vkP_12lzscr_parser10parse_expr12nest_lambdas
FN:1260,_RNvNvCsbUhW39O1vkP_12lzscr_parser10parse_expr13parse_expr_bp
FN:321,_RNvNvCsbUhW39O1vkP_12lzscr_parser10parse_expr13parse_pattern
FN:40,_RNvNvCsbUhW39O1vkP_12lzscr_parser10parse_expr14parse_pat_atom
FN:400,_RNvNvCsbUhW39O1vkP_12lzscr_parser10parse_expr15collect_binders
FN:439,_RNvNvCsbUhW39O1vkP_12lzscr_parser10parse_expr15parse_type_expr
FN:583,_RNvNvCsbUhW39O1vkP_12lzscr_parser10parse_expr19try_parse_type_decl
FN:359,_RNvNvCsbUhW39O1vkP_12lzscr_parser10parse_expr25try_parse_lhs_param_chain
FN:28,_RNvNvCsbUhW39O1vkP_12lzscr_parser10parse_expr4bump
FN:22,_RNvNvCsbUhW39O1vkP_12lzscr_parser10parse_expr4peek
FN:707,_RNvNvNvCsbUhW39O1vkP_12lzscr_parser10parse_expr10parse_atom10parse_type
FN:557,_RNvNvNvCsbUhW39O1vkP_12lzscr_parser10parse_expr15parse_type_expr13parse_type_bp
FN:443,_RNvNvNvCsbUhW39O1vkP_12lzscr_parser10parse_expr15parse_type_expr15parse_type_atom
FN:774,_RNvNvNvNvCsbUhW39O1vkP_12lzscr_parser10parse_expr10parse_atom10parse_type13parse_type_bp
FN:709,_RNvNvNvNvCsbUhW39O1vkP_12lzscr_parser10parse_expr10parse_atom10parse_type15parse_type_atom
FN:15,_RNCNvCsbUhW39O1vkP_12lzscr_parser10parse_expr0B3_
FN:19,_RNCNvCsbUhW39O1vkP_12lzscr_parser10parse_exprs_0B3_
FN:703,_RNCNvNvCsbUhW39O1vkP_12lzscr_parser10parse_expr10parse_atom0B5_
FN:829,_RNCNvNvCsbUhW39O1vkP_12lzscr_parser10parse_expr10parse_atoms0_0B5_
FN:842,_RNCNvNvCsbUhW39O1vkP_12lzscr_parser10parse_expr10parse_atoms1_0B5_
FN:845,_RNCNvNvCsbUhW39O1vkP_12lzscr_parser10parse_expr10parse_atoms2_0B5_
FN:857,_RNCNvNvCsbUhW39O1vkP_12lzscr_parser10parse_expr10parse_atoms3_0B5_
FN:885,_RNCNvNvCsbUhW39O1vkP_12lzscr_parser10parse_expr10parse_atoms4_0B5_
FN:918,_RNCNvNvCsbUhW39O1vkP_12lzscr_parser10parse_expr10parse_atoms5_0B5_
FN:946,_RNCNvNvCsbUhW39O1vkP_12lzscr_parser10parse_expr10parse_atoms6_0B5_
FN:997,_RNCNvNvCsbUhW39O1vkP_12lzscr_parser10parse_expr10parse_atoms7_0B5_
FN:1011,_RNCNvNvCsbUhW39O1vkP_12lzscr_parser10parse_expr10parse_atoms8_0B5_
FN:1050,_RNCNvNvCsbUhW39O1vkP_12lzscr_parser10parse_expr10parse_atoms9_0B5_
FN:794,_RNCNvNvCsbUhW39O1vkP_12lzscr_parser10parse_expr10parse_atoms_0B5_
FN:1055,_RNCNvNvCsbUhW39O1vkP_12lzscr_parser10parse_expr10parse_atomsa_0B5_
FN:1069,_RNCNvNvCsbUhW39O1vkP_12lzscr_parser10parse_expr10parse_atomsb_0B5_
FN:1101,_RNCNvNvCsbUhW39O1vkP_12lzscr_parser10parse_expr10parse_atomsc_0B5_
FN:1106,_RNCNvNvCsbUhW39O1vkP_12lzscr_parser10parse_expr10parse_atomsd_0B5_
FN:1119,_RNCNvNvCsbUhW39O1vkP_12lzscr_parser10parse_expr10parse_atomse_0B5_
FN:1189,_RNCNvNvCsbUhW39O1vkP_12lzscr_parser10parse_expr10parse_atomsf_0B5_
FN:1202,_RNCNvNvCsbUhW39O1vkP_12lzscr_parser10parse_expr10parse_atomsg_0B5_
FN:1211,_RNCNvNvCsbUhW39O1vkP_12lzscr_parser10parse_expr10parse_atomsh_0B5_
FN:1218,_RNCNvNvCsbUhW39O1vkP_12lzscr_parser10parse_expr10parse_atomsi_0B5_
FN:45,_RNCNvNvCsbUhW39O1vkP_12lzscr_parser10parse_expr14parse_pat_atom0B5_
FN:78,_RNCNvNvCsbUhW39O1vkP_12lzscr_parser10parse_expr14parse_pat_atoms0_0B5_
FN:100,_RNCNvNvCsbUhW39O1vkP_12lzscr_parser10parse_expr14parse_pat_atoms1_0B5_
FN:134,_RNCNvNvCsbUhW39O1vkP_12lzscr_parser10parse_expr14parse_pat_atoms2_0B5_
FN:149,_RNCNvNvCsbUhW39O1vkP_12lzscr_parser10parse_expr14parse_pat_atoms3_0B5_
FN:184,_RNCNvNvCsbUhW39O1vkP_12lzscr_parser10parse_expr14parse_pat_atoms4_0B5_
FN:199,_RNCNvNvCsbUhW39O1vkP_12lzscr_parser10parse_expr14parse_pat_atoms5_0B5_
FN:222,_RNCNvNvCsbUhW39O1vkP_12lzscr_parser10parse_expr14parse_pat_atoms6_0B5_
FN:233,_RNCNvNvCsbUhW39O1vkP_12lzscr_parser10parse_expr14parse_pat_atoms7_0B5_
FN:243,_RNCNvNvCsbUhW39O1vkP_12lzscr_parser10parse_expr14parse_pat_atoms8_0B5_
FN:258,_RNCNvNvCsbUhW39O1vkP_12lzscr_parser10parse_expr14parse_pat_atoms9_0B5_
FN:66,_RNCNvNvCsbUhW39O1vkP_12lzscr_parser10parse_expr14parse_pat_atoms_0B5_
FN:689,_RNCNvNvCsbUhW39O1vkP_12lzscr_parser10parse_expr19try_parse_type_decl0B5_
FN:447,_RNCNvNvNvCsbUhW39O1vkP_12lzscr_parser10parse_expr15parse_type_expr15parse_type_atom0B7_
FN:506,_RNCNvNvNvCsbUhW39O1vkP_12lzscr_parser10parse_expr15parse_type_expr15parse_type_atoms0_0B7_
FN:517,_RNCNvNvNvCsbUhW39O1vkP_12lzscr_parser10parse_expr15parse_type_expr15parse_type_atoms1_0B7_
FN:525,_RNCNvNvNvCsbUhW39O1vkP_12lzscr_parser10parse_expr15parse_type_expr15parse_type_atoms2_0B7_
FN:463,_RNCNvNvNvCsbUhW39O1vkP_12lzscr_parser10parse_expr15parse_type_expr15parse_type_atoms_0B7_
FN:710,_RNCNvNvNvNvCsbUhW39O1vkP_12lzscr_parser10parse_expr10parse_atom10parse_type15parse_type_atom0B9_
FN:755,_RNCNvNvNvNvCsbUhW39O1vkP_12lzscr_parser10parse_expr10parse_atom10parse_type15parse_type_atoms0_0B9_
FN:757,_RNCNvNvNvNvCsbUhW39O1vkP_12lzscr_parser10parse_expr10parse_atom10parse_type15parse_type_atoms1_0B9_
FN:761,_RNCNvNvNvNvCsbUhW39O1vkP_12lzscr_parser10parse_expr10parse_atom10parse_type15parse_type_atoms2_0B9_
FN:728,_RNCNvNvNvNvCsbUhW39O1vkP_12lzscr_parser10parse_expr10parse_atom10parse_type15parse_type_atoms_0B9_
FNDA:23,_RNvCs9nG5uWxm0ao_12lzscr_parser10parse_expr
FNDA:255,_RNvNvCs9nG5uWxm0ao_12lzscr_parser10parse_expr10parse_atom
FNDA:22,_RNvNvCs9nG5uWxm0ao_12lzscr_parser10parse_expr12nest_lambdas
FNDA:146,_RNvNvCs9nG5uWxm0ao_12lzscr_parser10parse_expr13parse_expr_bp
FNDA:141,_RNvNvCs9nG5uWxm0ao_12lzscr_parser10parse_expr13parse_pattern
FNDA:149,_RNvNvCs9nG5uWxm0ao_12lzscr_parser10parse_expr14parse_pat_atom
FNDA:35,_RNvNvCs9nG5uWxm0ao_12lzscr_parser10parse_expr15collect_binders
FNDA:0,_RNvNvCs9nG5uWxm0ao_12lzscr_parser10parse_expr15parse_type_expr
FNDA:40,_RNvNvCs9nG5uWxm0ao_12lzscr_parser10parse_expr19try_parse_type_decl
FNDA:40,_RNvNvCs9nG5uWxm0ao_12lzscr_parser10parse_expr25try_parse_lhs_param_chain
FNDA:644,_RNvNvCs9nG5uWxm0ao_12lzscr_parser10parse_expr4bump
FNDA:470,_RNvNvCs9nG5uWxm0ao_12lzscr_parser10parse_expr4peek
FNDA:0,_RNvNvNvCs9nG5uWxm0ao_12lzscr_parser10parse_expr10parse_atom10parse_type
FNDA:0,_RNvNvNvCs9nG5uWxm0ao_12lzscr_parser10parse_expr15parse_type_expr13parse_type_bp
FNDA:0,_RNvNvNvCs9nG5uWxm0ao_12lzscr_parser10parse_expr15parse_type_expr15parse_type_atom
FNDA:0,_RNvNvNvNvCs9nG5uWxm0ao_12lzscr_parser10parse_expr10parse_atom10parse_type13parse_type_bp
FNDA:0,_RNvNvNvNvCs9nG5uWxm0ao_12lzscr_parser10parse_expr10parse_atom10parse_type15parse_type_atom
FNDA:0,_RNCNvCs9nG5uWxm0ao_12lzscr_parser10parse_expr0B3_
FNDA:261,_RNCNvCs9nG5uWxm0ao_12lzscr_parser10parse_exprs_0B3_
FNDA:0,_RNCNvNvCs9nG5uWxm0ao_12lzscr_parser10parse_expr10parse_atom0B5_
FNDA:0,_RNCNvNvCs9nG5uWxm0ao_12lzscr_parser10parse_expr10parse_atoms0_0B5_
FNDA:0,_RNCNvNvCs9nG5uWxm0ao_12lzscr_parser10parse_expr10parse_atoms1_0B5_
FNDA:0,_RNCNvNvCs9nG5uWxm0ao_12lzscr_parser10parse_expr10parse_atoms2_0B5_
FNDA:0,_RNCNvNvCs9nG5uWxm0ao_12lzscr_parser10parse_expr10parse_atoms3_0B5_
FNDA:0,_RNCNvNvCs9nG5uWxm0ao_12lzscr_parser10parse_expr10parse_atoms4_0B5_
FNDA:0,_RNCNvNvCs9nG5uWxm0ao_12lzscr_parser10parse_expr10parse_atoms5_0B5_
FNDA:0,_RNCNvNvCs9nG5uWxm0ao_12lzscr_parser10parse_expr10parse_atoms6_0B5_
FNDA:0,_RNCNvNvCs9nG5uWxm0ao_12lzscr_parser10parse_expr10parse_atoms7_0B5_
FNDA:2,_RNCNvNvCs9nG5uWxm0ao_12lzscr_parser10parse_expr10parse_atoms8_0B5_
FNDA:0,_RNCNvNvCs9nG5uWxm0ao_12lzscr_parser10parse_expr10parse_atoms9_0B5_
FNDA:0,_RNCNvNvCs9nG5uWxm0ao_12lzscr_parser10parse_expr10parse_atoms_0B5_
FNDA:0,_RNCNvNvCs9nG5uWxm0ao_12lzscr_parser10parse_expr10parse_atomsa_0B5_
FNDA:0,_RNCNvNvCs9nG5uWxm0ao_12lzscr_parser10parse_expr10parse_atomsb_0B5_
FNDA:0,_RNCNvNvCs9nG5uWxm0ao_12lzscr_parser10parse_expr10parse_atomsc_0B5_
FNDA:0,_RNCNvNvCs9nG5uWxm0ao_12lzscr_parser10parse_expr10parse_atomsd_0B5_
FNDA:0,_RNCNvNvCs9nG5uWxm0ao_12lzscr_parser10parse_expr10parse_atomse_0B5_
FNDA:0,_RNCNvNvCs9nG5uWxm0ao_12lzscr_parser10parse_expr10parse_atomsf_0B5_
FNDA:0,_RNCNvNvCs9nG5uWxm0ao_12lzscr_parser10parse_expr10parse_atomsg_0B5_
FNDA:0,_RNCNvNvCs9nG5uWxm0ao_12lzscr_parser10parse_expr10parse_atomsh_0B5_
FNDA:0,_RNCNvNvCs9nG5uWxm0ao_12lzscr_parser10parse_expr10parse_atomsi_0B5_
FNDA:0,_RNCNvNvCs9nG5uWxm0ao_12lzscr_parser10parse_expr14parse_pat_atom0B5_
FNDA:0,_RNCNvNvCs9nG5uWxm0ao_12lzscr_parser10parse_expr14parse_pat_atoms0_0B5_
FNDA:0,_RNCNvNvCs9nG5uWxm0ao_12lzscr_parser10parse_expr14parse_pat_atoms1_0B5_
FNDA:0,_RNCNvNvCs9nG5uWxm0ao_12lzscr_parser10parse_expr14parse_pat_atoms2_0B5_
FNDA:0,_RNCNvNvCs9nG5uWxm0ao_12lzscr_parser10parse_expr14parse_pat_atoms3_0B5_
FNDA:0,_RNCNvNvCs9nG5uWxm0ao_12lzscr_parser10parse_expr14parse_pat_atoms4_0B5_
FNDA:0,_RNCNvNvCs9nG5uWxm0ao_12lzscr_parser10parse_expr14parse_pat_atoms5_0B5_
FNDA:0,_RNCNvNvCs9nG5uWxm0ao_12lzscr_parser10parse_expr14parse_pat_atoms6_0B5_
FNDA:0,_RNCNvNvCs9nG5uWxm0ao_12lzscr_parser10parse_expr14parse_pat_atoms7_0B5_
FNDA:0,_RNCNvNvCs9nG5uWxm0ao_12lzscr_parser10parse_expr14parse_pat_atoms8_0B5_
FNDA:0,_RNCNvNvCs9nG5uWxm0ao_12lzscr_parser10parse_expr14parse_pat_atoms9_0B5_
FNDA:0,_RNCNvNvCs9nG5uWxm0ao_12lzscr_parser10parse_expr14parse_pat_atoms_0B5_
FNDA:0,_RNCNvNvCs9nG5uWxm0ao_12lzscr_parser10parse_expr19try_parse_type_decl0B5_
FNDA:0,_RNCNvNvNvCs9nG5uWxm0ao_12lzscr_parser10parse_expr15parse_type_expr15parse_type_atom0B7_
FNDA:0,_RNCNvNvNvCs9nG5uWxm0ao_12lzscr_parser10parse_expr15parse_type_expr15parse_type_atoms0_0B7_
FNDA:0,_RNCNvNvNvCs9nG5uWxm0ao_12lzscr_parser10parse_expr15parse_type_expr15parse_type_atoms1_0B7_
FNDA:0,_RNCNvNvNvCs9nG5uWxm0ao_12lzscr_parser10parse_expr15parse_type_expr15parse_type_atoms2_0B7_
FNDA:0,_RNCNvNvNvCs9nG5uWxm0ao_12lzscr_parser10parse_expr15parse_type_expr15parse_type_atoms_0B7_
FNDA:0,_RNCNvNvNvNvCs9nG5uWxm0ao_12lzscr_parser10parse_expr10parse_atom10parse_type15parse_type_atom0B9_
FNDA:0,_RNCNvNvNvNvCs9nG5uWxm0ao_12lzscr_parser10parse_expr10parse_atom10parse_type15parse_type_atoms0_0B9_
FNDA:0,_RNCNvNvNvNvCs9nG5uWxm0ao_12lzscr_parser10parse_expr10parse_atom10parse_type15parse_type_atoms1_0B9_
FNDA:0,_RNCNvNvNvNvCs9nG5uWxm0ao_12lzscr_parser10parse_expr10parse_atom10parse_type15parse_type_atoms2_0B9_
FNDA:0,_RNCNvNvNvNvCs9nG5uWxm0ao_12lzscr_parser10parse_expr10parse_atom10parse_type15parse_type_atoms_0B9_
FNDA:1,_RNvNtCsbUhW39O1vkP_12lzscr_parser5testss_16cons_right_assoc
FNDA:1,_RNvNtCsbUhW39O1vkP_12lzscr_parser5testss_17type_value_parses
FNDA:1,_RNvNtCsbUhW39O1vkP_12lzscr_parser5testss_18list_literal_basic
FNDA:1,_RNvNtCsbUhW39O1vkP_12lzscr_parser5testss_18list_literal_empty
FNDA:1,_RNvNtCsbUhW39O1vkP_12lzscr_parser5testss_18pattern_cons_parse
FNDA:1,_RNvNtCsbUhW39O1vkP_12lzscr_parser5testss_21let_group_parse_basic
FNDA:1,_RNvNtCsbUhW39O1vkP_12lzscr_parser5testss_22alt_lambda_right_assoc
FNDA:1,_RNvNtCsbUhW39O1vkP_12lzscr_parser5testss_22type_annotation_parses
FNDA:1,_RNvNtCsbUhW39O1vkP_12lzscr_parser5testss_23pattern_list_vars_parse
FNDA:1,_RNvNtCsbUhW39O1vkP_12lzscr_parser5testss_27alt_lambda_lower_than_arrow
FNDA:1,_RNvNtCsbUhW39O1vkP_12lzscr_parser5testss_27alt_lambda_requires_lambdas
FNDA:1,_RNvNtCsbUhW39O1vkP_12lzscr_parser5testss_27record_literal_ident_key_ok
FNDA:1,_RNvNtCsbUhW39O1vkP_12lzscr_parser5testss_29char_literal_basic_and_escape
FNDA:1,_RNvNtCsbUhW39O1vkP_12lzscr_parser5testss_30letgroup_with_leading_bindings
FNDA:1,_RNvNtCsbUhW39O1vkP_12lzscr_parser5testss_31letgroup_with_trailing_bindings
FNDA:1,_RNvNtCsbUhW39O1vkP_12lzscr_parser5testss_32pattern_list_bare_ident_rejected
FNDA:1,_RNvNtCsbUhW39O1vkP_12lzscr_parser5testss_34record_literal_string_key_rejected
FNDA:1,_RNvNtCsbUhW39O1vkP_12lzscr_parser5testss_34record_pattern_string_key_rejected
FNDA:1,_RNvNtCsbUhW39O1vkP_12lzscr_parser5testss_45group_without_bindings_is_plain_group_or_unit
FNDA:20,_RNvCsbUhW39O1vkP_12lzscr_parser10parse_expr
FNDA:54,_RNvNvCsbUhW39O1vkP_12lzscr_parser10parse_expr10parse_atom
FNDA:13,_RNvNvCsbUhW39O1vkP_12lzscr_parser10parse_expr12nest_lambdas
FNDA:52,_RNvNvCsbUhW39O1vkP_12lzscr_parser10parse_expr13parse_expr_bp
[...]
FNDA:0,_RNCNvCs9UgpDRi4W1g_11lzscr_types19conv_typeexpr_fresh0B3_
FNDA:0,_RNCNvCs9UgpDRi4W1g_11lzscr_types19conv_typeexpr_freshs_0B3_
FNDA:0,_RNCNvCs9UgpDRi4W1g_11lzscr_types21instantiate_named_sum0B3_
FNDA:0,_RNCNvCs9UgpDRi4W1g_11lzscr_types24conv_typeexpr_with_subst0B3_
FNDA:0,_RNCNvCs9UgpDRi4W1g_11lzscr_types24conv_typeexpr_with_substs_0B3_
FNDA:0,_RNCNvCs9UgpDRi4W1g_11lzscr_types25check_positive_occurrence0B3_
FNDA:0,_RNCNvCs9UgpDRi4W1g_11lzscr_types25check_positive_occurrences0_0B3_
FNDA:0,_RNCNvCs9UgpDRi4W1g_11lzscr_types25check_positive_occurrences_0B3_
FNDA:0,_RNCNvCs9UgpDRi4W1g_11lzscr_types5unify0B3_
FNDA:0,_RNCNvCs9UgpDRi4W1g_11lzscr_types5unifys0_0B3_
FNDA:0,_RNCNvCs9UgpDRi4W1g_11lzscr_types5unifys_0B3_
FNDA:0,_RNCNvCs9UgpDRi4W1g_11lzscr_types7pp_type0B3_
FNDA:0,_RNCNvCs9UgpDRi4W1g_11lzscr_types7pp_types0_0B3_
FNDA:0,_RNCNvCs9UgpDRi4W1g_11lzscr_types7pp_types_0B3_
FNDA:0,_RNCNvCs9UgpDRi4W1g_11lzscr_types9ctx_unify0B3_
FNDA:0,_RNCNvCs9UgpDRi4W1g_11lzscr_types9zonk_type0B3_
FNDA:0,_RNCNvCs9UgpDRi4W1g_11lzscr_types9zonk_types0_0B3_
FNDA:0,_RNCNvCs9UgpDRi4W1g_11lzscr_types9zonk_types1_0B3_
FNDA:0,_RNCNvCs9UgpDRi4W1g_11lzscr_types9zonk_types_0B3_
FNDA:0,_RNCNvMs5_Cs9UgpDRi4W1g_11lzscr_typesNtB7_11DebugConfig8dump_env0B7_
FNDA:0,_RNCNvNvCs9UgpDRi4W1g_11lzscr_types10infer_expr13conv_typeexpr0B5_
FNDA:0,_RNCNvNvCs9UgpDRi4W1g_11lzscr_types10infer_expr13conv_typeexprs0_0B5_
FNDA:0,_RNCNvNvCs9UgpDRi4W1g_11lzscr_types10infer_expr13conv_typeexprs1_0B5_
FNDA:0,_RNCNvNvCs9UgpDRi4W1g_11lzscr_types10infer_expr13conv_typeexprs_0B5_
FNDA:0,_RNCNvNvCs9UgpDRi4W1g_11lzscr_types16user_pretty_type2go0B5_
FNDA:0,_RNCNvNvCs9UgpDRi4W1g_11lzscr_types16user_pretty_type2gos0_0B5_
FNDA:0,_RNCNvNvCs9UgpDRi4W1g_11lzscr_types16user_pretty_type2gos1_0B5_
FNDA:0,_RNCNvNvCs9UgpDRi4W1g_11lzscr_types16user_pretty_type2gos2_0B5_
FNDA:0,_RNCNvNvCs9UgpDRi4W1g_11lzscr_types16user_pretty_type2gos3_0B5_
FNDA:0,_RNCNvNvCs9UgpDRi4W1g_11lzscr_types16user_pretty_type2gos_0B5_
FNDA:0,_RNCNvXs0_Cs9UgpDRi4W1g_11lzscr_typesNtB7_4TypeNtB7_10TypesApply5apply0B7_
FNDA:0,_RNCNvXs0_Cs9UgpDRi4W1g_11lzscr_typesNtB7_4TypeNtB7_10TypesApply5applys0_0B7_
FNDA:0,_RNCNvXs0_Cs9UgpDRi4W1g_11lzscr_typesNtB7_4TypeNtB7_10TypesApply5applys1_0B7_
FNDA:0,_RNCNvXs0_Cs9UgpDRi4W1g_11lzscr_typesNtB7_4TypeNtB7_10TypesApply5applys_0B7_
FNF:119
FNH:55
DA:40,1376
DA:41,1376
DA:42,1376
DA:55,154
DA:56,154
DA:57,154
DA:58,37
DA:59,37
DA:60,37
DA:61,37
DA:62,37
DA:63,85
DA:65,85
DA:66,103
DA:67,103
DA:68,103
DA:69,85
DA:70,53
DA:71,53
DA:72,85
DA:73,85
DA:77,22
DA:78,22
DA:79,6
DA:80,6
DA:81,0
DA:83,6
DA:86,3
DA:87,1
DA:88,0
DA:89,0
DA:90,0
DA:91,0
DA:92,0
DA:93,0
DA:94,0
DA:96,2
DA:97,2
DA:98,2
DA:100,0
DA:101,0
DA:103,1
DA:104,1
DA:105,3
DA:106,1
DA:108,9
DA:110,22
DA:113,136
DA:114,14
DA:115,14
DA:116,14
DA:119,0
DA:120,0
DA:122,40
DA:123,0
DA:124,0
DA:125,0
DA:126,0
DA:127,0
DA:128,0
DA:129,0
DA:130,0
DA:132,14
DA:133,14
DA:135,0
DA:136,0
DA:138,0
DA:139,0
DA:140,0
DA:141,0
DA:143,82
DA:145,136
DA:153,574
DA:154,574
DA:155,196
DA:156,128
DA:157,1
DA:158,0
DA:159,0
DA:160,0
DA:161,0
DA:162,0
DA:163,0
DA:164,0
DA:166,28
DA:167,28
DA:168,28
DA:170,0
DA:171,0
DA:173,2
DA:174,2
DA:175,6
DA:176,2
DA:178,219
DA:179,219
DA:182,574
DA:183,265
DA:184,265
DA:185,265
DA:186,48
DA:187,48
DA:188,48
DA:189,80
DA:190,80
DA:191,80
DA:192,80
DA:193,10
DA:194,10
DA:195,10
DA:196,0
DA:197,0
DA:198,0
DA:199,0
DA:201,13
DA:202,29
DA:203,29
DA:204,29
DA:206,6
DA:207,6
DA:208,0
DA:209,0
DA:211,0
DA:212,0
DA:213,0
DA:214,0
DA:216,3
DA:217,9
DA:218,8
DA:219,2
DA:220,2
DA:223,105
DA:225,265
DA:226,265
DA:230,0
DA:232,0
DA:233,0
DA:234,0
DA:235,0
DA:236,0
DA:238,0
DA:239,0
DA:240,26
DA:241,26
DA:242,45
DA:243,19
DA:244,19
DA:245,26
DA:246,26
DA:250,0
DA:251,0
DA:252,0
DA:253,0
DA:254,0
DA:255,0
DA:256,0
DA:257,0
DA:258,0
DA:259,0
DA:260,0
DA:261,0
DA:262,0
DA:263,0
DA:271,60
DA:272,60
DA:273,60
DA:274,60
DA:275,60
DA:282,0
DA:283,0
DA:284,0
DA:285,0
DA:286,0
DA:287,0
DA:288,0
DA:289,0
DA:293,0
DA:294,0
DA:296,4
DA:297,4
DA:298,0
DA:299,0
DA:300,0
DA:302,4
DA:303,4
DA:315,0
DA:316,0
DA:317,0
DA:318,0
DA:319,0
DA:320,0
DA:321,0
DA:322,0
DA:323,0
DA:324,0
DA:325,0
DA:326,0
DA:327,0
DA:328,0
DA:329,0
DA:330,0
DA:332,0
DA:333,0
DA:334,0
DA:335,0
DA:336,0
DA:338,0
DA:339,0
DA:369,37
DA:370,37
DA:371,37
DA:374,65
DA:375,65
DA:376,19
DA:377,18
DA:383,7
DA:384,17
DA:385,17
DA:386,17
DA:387,17
DA:389,0
DA:390,0
DA:391,0
DA:392,0
DA:393,0
DA:394,0
DA:395,0
DA:397,0
DA:399,0
DA:400,0
DA:401,0
DA:402,0
DA:403,0
DA:404,0
DA:407,0
DA:408,0
DA:409,0
DA:411,0
DA:413,4
DA:414,4
DA:416,4
DA:417,5
DA:418,5
DA:419,5
DA:421,4
DA:423,0
DA:425,0
DA:426,0
DA:427,0
DA:428,0
DA:429,0
DA:430,0
DA:431,0
DA:432,0
DA:433,0
DA:434,0
DA:435,0
DA:436,0
DA:437,0
DA:438,0
DA:439,0
DA:440,0
DA:441,0
DA:444,0
DA:445,0
DA:446,0
DA:447,0
DA:448,0
DA:449,0
DA:450,0
DA:451,0
DA:452,0
DA:453,0
DA:454,0
DA:455,0
DA:458,0
DA:461,0
DA:462,0
DA:463,0
DA:464,0
DA:465,0
DA:466,0
DA:467,0
DA:468,0
DA:469,0
DA:470,0
DA:471,0
DA:472,0
DA:473,0
DA:474,0
DA:475,0
DA:477,0
DA:479,0
DA:480,0
DA:481,0
DA:482,0
DA:483,0
DA:484,0
DA:487,0
DA:488,0
DA:489,0
DA:490,0
DA:491,0
DA:492,0
DA:494,65
DA:497,0
DA:498,0
DA:504,0
DA:505,0
DA:506,0
DA:507,0
DA:508,0
DA:509,0
DA:510,0
DA:512,0
DA:513,0
DA:514,0
DA:516,0
DA:517,0
DA:518,0
DA:521,0
DA:524,0
DA:525,0
DA:526,0
DA:527,0
DA:528,0
DA:529,0
DA:530,0
DA:531,0
DA:532,0
DA:533,0
DA:534,0
DA:535,0
DA:539,0
DA:540,0
DA:544,0
DA:545,0
DA:546,0
DA:547,0
DA:548,0
DA:549,0
DA:550,0
DA:551,0
DA:552,0
DA:553,0
DA:554,0
DA:555,0
DA:556,0
DA:557,0
DA:558,0
DA:559,0
DA:560,0
DA:562,0
DA:563,0
DA:564,0
DA:565,0
DA:567,0
DA:569,0
DA:570,0
DA:571,0
DA:573,0
DA:574,0
DA:575,0
DA:576,0
DA:577,0
DA:578,0
DA:579,0
DA:581,0
DA:584,0
DA:585,0
DA:587,0
DA:588,0
DA:589,0
DA:590,0
DA:591,0
DA:595,0
DA:596,0
DA:597,0
DA:598,0
DA:599,0
DA:602,0
DA:605,0
DA:606,0
DA:607,0
DA:608,0
DA:609,0
DA:610,0
DA:611,0
DA:614,0
DA:615,0
DA:616,0
DA:617,0
DA:618,0
DA:619,0
DA:620,0
DA:621,0
DA:622,0
DA:623,0
DA:624,0
DA:625,0
DA:626,0
DA:627,0
DA:628,0
DA:629,0
DA:630,0
DA:631,0
DA:632,0
DA:633,0
DA:634,0
DA:635,0
DA:637,0
DA:639,0
DA:640,0
DA:644,23
DA:645,23
DA:646,0
DA:647,0
DA:648,0
DA:649,0
DA:650,0
DA:651,0
DA:652,0
DA:653,23
DA:655,23
DA:656,23
DA:657,23
DA:658,0
DA:659,0
DA:660,0
DA:662,0
DA:663,0
DA:664,0
DA:666,23
DA:668,23
DA:669,0
DA:670,0
DA:671,0
DA:672,0
DA:673,0
DA:675,0
DA:676,0
DA:677,0
DA:678,0
DA:680,0
DA:681,0
DA:682,0
DA:683,0
DA:684,0
DA:686,0
DA:687,0
DA:688,0
DA:689,0
DA:690,0
DA:691,0
DA:692,0
DA:694,0
DA:695,23
DA:696,23
DA:697,23
DA:700,37
DA:701,37
DA:702,5
DA:703,37
DA:704,37
DA:706,37
DA:714,16
DA:715,16
DA:716,16
DA:717,441
DA:718,441
DA:719,441
DA:720,17
DA:721,17
DA:722,17
DA:725,17
DA:726,17
DA:727,41
DA:728,24
DA:729,24
DA:730,17
DA:731,17
DA:732,17
DA:734,1
DA:735,26
DA:736,1
DA:737,1
DA:738,1
DA:739,1
DA:750,13
DA:751,13
DA:752,13
DA:753,13
DA:754,13
DA:755,13
DA:756,1
DA:757,8
DA:758,8
DA:761,0
DA:764,0
DA:767,0
DA:770,0
DA:773,0
DA:776,0
DA:778,0
DA:779,0
DA:780,0
DA:781,0
DA:782,0
DA:783,0
DA:784,0
DA:785,0
DA:786,0
DA:787,0
DA:788,0
DA:789,0
DA:790,0
DA:791,0
DA:793,0
DA:795,0
DA:796,0
DA:797,0
DA:798,0
DA:799,0
DA:800,0
DA:801,0
DA:802,0
DA:804,0
DA:806,0
DA:807,0
DA:808,0
DA:809,0
DA:810,0
DA:811,0
DA:812,0
DA:813,0
DA:814,0
DA:815,0
DA:816,0
DA:818,0
DA:819,0
DA:820,0
DA:821,0
DA:822,0
DA:823,0
DA:824,0
DA:825,0
DA:826,0
DA:827,0
DA:828,0
DA:829,0
DA:830,0
DA:832,0
DA:834,4
DA:837,4
DA:838,4
DA:839,0
DA:841,0
DA:842,0
DA:843,0
DA:844,0
DA:846,0
DA:849,0
DA:852,4
DA:855,4
DA:856,0
DA:858,0
DA:859,0
DA:860,0
DA:861,0
DA:862,0
DA:863,0
DA:865,0
DA:868,5
DA:870,4
DA:871,4
DA:872,4
DA:873,5
DA:874,5
DA:875,5
DA:876,5
DA:878,4
DA:880,0
DA:881,0
DA:882,0
DA:883,0
DA:885,0
DA:886,0
DA:887,0
DA:888,0
DA:889,0
DA:890,0
DA:892,0
DA:894,0
DA:897,13
DA:922,0
DA:923,0
DA:924,0
DA:925,0
DA:926,0
DA:927,0
DA:928,0
DA:929,0
DA:930,0
DA:931,0
DA:932,0
DA:933,0
DA:934,0
DA:935,0
DA:936,0
DA:937,0
DA:938,0
DA:939,0
DA:940,0
DA:943,0
DA:944,0
DA:945,0
DA:946,0
DA:947,0
DA:949,0
DA:950,0
DA:952,11
DA:953,11
DA:954,11
DA:955,11
DA:956,0
DA:957,0
DA:959,0
DA:960,0
DA:961,0
DA:962,0
DA:963,0
DA:965,0
DA:966,0
DA:967,0
DA:969,11
DA:970,11
DA:972,11
DA:973,11
DA:974,0
DA:975,0
DA:976,11
DA:980,0
DA:981,0
DA:982,0
DA:983,0
DA:984,0
DA:985,0
DA:986,0
DA:987,0
DA:988,0
DA:989,0
DA:990,0
DA:991,0
DA:992,0
DA:993,0
DA:994,0
DA:995,0
DA:997,0
DA:998,0
DA:999,0
DA:1000,0
DA:1002,0
DA:1003,0
DA:1005,0
DA:1008,76
DA:1009,76
DA:1010,76
DA:1011,76
DA:1012,76
DA:1014,76
DA:1015,0
DA:1016,76
DA:1017,76
DA:1019,0
DA:1020,0
DA:1021,0
DA:1022,0
DA:1023,0
DA:1024,0
DA:1025,0
DA:1026,0
DA:1027,0
DA:1028,0
DA:1029,0
DA:1031,0
DA:1032,0
DA:1033,0
DA:1034,0
DA:1035,0
DA:1036,0
DA:1038,0
DA:1039,0
DA:1041,0
DA:1042,0
DA:1043,0
DA:1044,0
DA:1045,0
DA:1047,0
DA:1050,0
DA:1051,0
DA:1052,0
DA:1055,0
DA:1056,0
DA:1057,0
DA:1058,0
DA:1059,0
DA:1060,0
DA:1063,0
DA:1064,0
DA:1065,0
DA:1066,0
DA:1067,0
DA:1068,0
DA:1069,0
DA:1070,0
DA:1072,0
DA:1073,0
DA:1077,0
DA:1079,76
DA:1080,0
DA:1081,0
DA:1082,0
DA:1083,0
DA:1084,0
DA:1085,0
DA:1087,0
DA:1088,2
DA:1089,14
DA:1090,0
DA:1091,6
DA:1092,1
DA:1093,17
DA:1094,17
DA:1095,0
DA:1096,0
DA:1097,0
DA:1098,0
DA:1099,17
DA:1100,17
DA:1101,0
DA:1102,0
DA:1103,17
DA:1104,17
DA:1106,6
DA:1108,6
DA:1110,2
DA:1112,2
DA:1113,2
DA:1114,2
DA:1115,2
DA:1116,4
DA:1117,2
DA:1118,2
DA:1119,2
DA:1120,2
DA:1121,2
DA:1122,2
DA:1123,2
DA:1124,2
DA:1126,22
DA:1129,22
DA:1130,13
DA:1131,0
DA:1132,0
DA:1134,0
DA:1135,0
DA:1136,0
DA:1138,0
DA:1139,0
DA:1141,0
DA:1142,0
DA:1143,0
DA:1144,0
DA:1145,0
DA:1146,0
DA:1147,0
DA:1148,0
DA:1149,0
DA:1150,0
DA:1151,0
DA:1152,0
DA:1153,0
DA:1154,0
DA:1155,0
DA:1156,0
DA:1157,0
DA:1158,0
DA:1159,0
DA:1160,0
DA:1161,0
DA:1162,0
DA:1163,0
DA:1164,0
DA:1165,0
DA:1166,0
DA:1167,0
DA:1168,0
DA:1170,0
DA:1171,0
DA:1172,0
DA:1174,0
DA:1175,0
DA:1176,0
DA:1177,0
DA:1178,0
DA:1179,0
DA:1180,0
DA:1181,0
DA:1184,0
DA:1186,0
DA:1187,0
DA:1188,0
DA:1189,0
DA:1190,0
DA:1191,0
DA:1192,0
DA:1193,0
DA:1195,0
DA:1196,0
DA:1197,0
DA:1198,0
DA:1199,0
DA:1201,0
DA:1202,0
DA:1203,0
DA:1204,0
DA:1205,0
DA:1206,0
DA:1207,0
DA:1208,13
DA:1209,9
DA:1211,22
DA:1212,1
DA:1213,1
DA:1215,1
DA:1216,0
DA:1217,0
DA:1218,0
DA:1219,0
DA:1220,0
DA:1222,0
DA:1223,0
DA:1224,0
DA:1225,0
DA:1226,0
DA:1227,0
DA:1228,0
DA:1229,0
DA:1231,0
DA:1232,0
DA:1233,0
DA:1235,1
DA:1238,1
DA:1239,1
DA:1241,0
DA:1242,21
DA:1246,21
DA:1248,6
DA:1249,6
DA:1251,0
DA:1253,6
DA:1254,6
DA:1255,0
DA:1256,0
DA:1257,0
DA:1258,0
DA:1262,6
DA:1263,6
DA:1264,6
DA:1266,15
DA:1268,21
DA:1269,13
DA:1270,13
DA:1271,2
DA:1272,2
DA:1273,2
DA:1274,2
DA:1275,11
DA:1276,11
DA:1278,2
DA:1279,2
DA:1280,2
DA:1281,2
DA:1282,9
DA:1283,9
DA:1285,1
DA:1286,1
DA:1287,1
DA:1288,1
DA:1289,1
DA:1290,1
DA:1291,0
DA:1292,1
DA:1293,1
DA:1294,8
DA:1295,0
DA:1296,8
DA:1297,16
DA:1298,16
DA:1299,16
DA:1300,16
DA:1301,16
DA:1302,16
DA:1304,16
DA:1305,8
DA:1306,4
DA:1307,4
DA:1308,2
DA:1309,2
DA:1310,2
DA:1311,2
DA:1312,2
DA:1313,0
DA:1314,4
DA:1315,8
DA:1316,14
DA:1318,0
DA:1319,1
DA:1320,1
DA:1321,1
DA:1322,3
DA:1323,2
DA:1324,2
DA:1325,2
DA:1327,1
DA:1329,1
DA:1334,1
DA:1336,1
DA:1337,0
DA:1338,1
DA:1339,1
DA:1340,0
DA:1341,0
DA:1342,0
DA:1343,0
DA:1345,0
DA:1348,1
DA:1350,1
DA:1351,0
DA:1352,0
DA:1353,0
DA:1354,0
DA:1356,0
DA:1359,1
DA:1368,1
DA:1370,1
DA:1371,1
DA:1372,1
DA:1373,1
DA:1374,1
DA:1376,2
DA:1377,1
DA:1378,1
DA:1380,1
DA:1381,0
DA:1382,0
DA:1383,0
DA:1384,0
DA:1385,0
DA:1386,0
DA:1387,0
DA:1388,1
DA:1389,1
DA:1393,1
DA:1394,1
DA:1395,1
DA:1396,1
DA:1397,1
DA:1399,1
DA:1400,1
DA:1402,1
DA:1404,1
DA:1405,1
DA:1406,1
DA:1407,1
DA:1408,1
DA:1409,0
DA:1410,1
DA:1412,1
DA:1414,1
DA:1415,1
DA:1416,0
DA:1417,1
DA:1420,1
DA:1421,1
DA:1422,1
DA:1423,0
DA:1424,1
DA:1425,1
DA:1426,0
DA:1427,1
DA:1428,1
DA:1429,1
DA:1431,0
DA:1432,0
DA:1433,0
DA:1434,0
DA:1436,0
DA:1437,0
DA:1438,0
DA:1439,0
DA:1440,0
DA:1441,0
DA:1443,0
DA:1444,0
DA:1445,0
DA:1446,0
DA:1447,0
DA:1448,0
DA:1449,0
DA:1450,0
DA:1451,0
DA:1453,4
DA:1455,4
DA:1456,4
DA:1457,0
DA:1459,4
DA:1460,4
DA:1461,0
DA:1465,4
DA:1466,4
DA:1470,4
DA:1471,4
DA:1472,4
DA:1473,4
DA:1474,4
DA:1475,4
DA:1476,4
DA:1477,4
DA:1479,1
DA:1480,1
DA:1481,1
DA:1482,3
DA:1486,3
DA:1487,3
DA:1488,3
DA:1489,3
DA:1492,3
DA:1493,3
DA:1494,3
DA:1495,5
DA:1496,5
DA:1497,5
DA:1498,5
DA:1499,5
DA:1500,5
DA:1501,0
DA:1502,0
DA:1503,0
DA:1504,0
DA:1505,0
DA:1507,0
DA:1508,0
DA:1509,0
DA:1510,0
DA:1511,0
DA:1513,0
DA:1515,5
DA:1517,5
DA:1520,3
DA:1521,3
DA:1522,3
DA:1523,3
DA:1524,0
DA:1525,3
DA:1528,3
DA:1530,0
DA:1532,0
DA:1533,0
DA:1534,0
DA:1535,0
DA:1536,0
DA:1537,0
DA:1538,0
DA:1539,0
DA:1541,0
DA:1542,0
DA:1543,0
DA:1544,0
DA:1545,0
DA:1547,0
DA:1548,0
DA:1549,0
DA:1552,0
DA:1554,0
DA:1555,0
DA:1557,3
DA:1558,3
DA:1559,3
DA:1560,0
DA:1561,0
DA:1562,0
DA:1563,3
DA:1564,3
DA:1565,3
DA:1566,3
DA:1567,3
DA:1568,6
DA:1569,3
DA:1570,3
DA:1571,3
DA:1572,3
DA:1573,3
DA:1574,3
DA:1575,3
DA:1576,3
DA:1577,3
DA:1578,3
DA:1579,0
DA:1580,0
DA:1581,0
DA:1582,0
DA:1585,0
DA:1586,3
DA:1587,3
DA:1589,0
DA:1590,0
DA:1591,0
DA:1592,0
DA:1593,0
DA:1594,0
DA:1595,0
DA:1596,0
DA:1597,0
DA:1598,0
DA:1599,0
DA:1600,0
DA:1601,0
DA:1602,0
DA:1603,0
DA:1604,0
DA:1605,0
DA:1606,0
DA:1607,0
DA:1608,0
DA:1609,0
DA:1610,0
DA:1611,0
DA:1612,0
DA:1613,0
DA:1616,0
DA:1617,0
DA:1618,0
DA:1622,0
DA:1623,0
DA:1624,0
DA:1625,0
DA:1626,0
DA:1627,0
DA:1628,0
DA:1629,0
DA:1630,0
DA:1631,0
DA:1632,0
DA:1633,0
DA:1634,0
DA:1635,0
DA:1636,0
DA:1637,0
DA:1638,0
DA:1641,0
DA:1642,0
DA:1643,0
DA:1648,3
DA:1650,1
DA:1651,1
DA:1652,1
DA:1653,0
DA:1654,0
DA:1655,1
DA:1656,1
DA:1657,1
DA:1658,1
DA:1659,1
DA:1660,1
DA:1661,1
DA:1662,0
DA:1663,1
DA:1664,1
DA:1665,1
DA:1666,1
DA:1669,0
DA:1670,1
DA:1671,1
DA:1673,2
DA:1674,4
DA:1675,2
DA:1676,1
DA:1677,1
DA:1678,1
DA:1679,1
DA:1680,1
DA:1681,1
DA:1682,1
DA:1683,1
DA:1684,3
DA:1685,2
DA:1686,2
DA:1687,1
DA:1688,1
DA:1689,1
DA:1690,1
DA:1691,1
DA:1692,1
DA:1693,1
DA:1694,0
DA:1695,1
DA:1696,1
DA:1697,1
DA:1698,1
DA:1701,0
DA:1702,1
DA:1703,1
DA:1705,0
DA:1706,0
DA:1707,0
DA:1708,0
DA:1709,0
DA:1710,0
DA:1711,0
DA:1712,0
DA:1713,0
DA:1714,0
DA:1715,0
DA:1716,0
DA:1717,0
DA:1718,0
DA:1719,0
DA:1720,0
DA:1721,0
DA:1722,0
DA:1723,0
DA:1724,0
DA:1725,0
DA:1726,0
DA:1727,0
DA:1728,0
DA:1729,0
DA:1732,0
DA:1733,0
DA:1734,0
DA:1737,0
DA:1738,0
DA:1739,0
DA:1740,0
DA:1741,0
DA:1742,0
DA:1743,0
DA:1744,0
DA:1745,0
DA:1746,0
DA:1747,0
DA:1748,0
DA:1749,0
DA:1750,0
DA:1751,0
DA:1752,0
DA:1753,0
DA:1756,0
DA:1757,0
DA:1758,0
DA:1762,2
DA:1763,2
DA:1765,2
DA:1766,2
DA:1767,1
DA:1768,1
DA:1769,1
DA:1770,1
DA:1771,1
DA:1773,0
DA:1775,2
DA:1776,0
DA:1777,0
DA:1778,0
DA:1780,0
DA:1781,0
DA:1783,2
DA:1785,2
DA:1788,0
DA:1790,2
DA:1793,66
DA:1794,66
DA:1795,0
DA:1796,0
DA:1797,0
DA:1798,0
DA:1799,0
DA:1800,0
DA:1801,0
DA:1802,66
DA:1803,66
DA:1804,76
DA:1806,0
DA:1808,0
DA:1809,0
DA:1810,0
DA:1811,0
DA:1812,0
DA:1813,0
DA:1814,0
DA:1815,0
DA:1816,0
DA:1817,0
DA:1818,0
DA:1819,0
DA:1820,0
DA:1821,0
DA:1822,0
DA:1823,0
DA:1824,0
DA:1825,0
DA:1826,0
DA:1828,0
DA:1832,21
DA:1833,6
DA:1836,6
DA:1837,6
DA:1838,21
DA:1839,1
DA:1840,6
DA:1841,0
DA:1842,0
DA:1843,0
DA:1844,1
DA:1845,6
DA:1846,1
DA:1847,0
DA:1848,0
DA:1849,0
DA:1850,0
DA:1851,0
DA:1852,0
DA:1854,3
DA:1855,2
DA:1856,2
DA:1857,0
DA:1859,2
DA:1862,0
DA:1863,0
DA:1864,0
DA:1866,0
DA:1869,1
DA:1870,1
DA:1871,1
DA:1872,1
DA:1873,1
DA:1874,2
DA:1875,0
DA:1876,1
DA:1878,2
DA:1879,1
DA:1881,2
DA:1882,1
DA:1883,1
DA:1884,1
DA:1887,21
DA:1889,6
DA:1890,6
DA:1891,0
DA:1892,6
DA:1894,6
DA:1898,3
DA:1901,3
DA:1902,3
DA:1903,0
DA:1904,0
DA:1905,0
DA:1906,0
DA:1908,0
DA:1909,0
DA:1910,0
DA:1911,0
DA:1912,0
DA:1913,0
DA:1914,0
DA:1915,0
DA:1916,0
DA:1918,0
DA:1919,0
DA:1920,0
DA:1921,0
DA:1923,0
DA:1924,0
DA:1925,0
DA:1926,0
DA:1928,0
DA:1929,0
DA:1930,0
DA:1931,0
DA:1933,0
DA:1934,0
DA:1935,0
DA:1936,0
DA:1937,0
DA:1940,3
DA:1942,3
DA:1943,3
DA:1944,3
DA:1946,0
DA:1947,0
DA:1948,0
DA:1950,0
DA:1952,0
DA:1953,3
DA:1954,3
DA:1955,0
DA:1956,0
DA:1959,3
DA:1960,3
DA:1961,3
DA:1962,3
DA:1963,3
DA:1964,3
DA:1965,3
DA:1966,3
DA:1967,0
DA:1968,3
DA:1969,3
DA:1970,0
DA:1971,1
DA:1972,2
DA:1973,0
DA:1974,0
DA:1975,0
DA:1976,0
DA:1977,0
DA:1978,0
DA:1979,0
DA:1980,0
DA:1981,0
DA:1983,0
DA:1984,0
DA:1985,0
DA:1986,0
DA:1987,0
DA:1988,0
DA:1989,0
DA:1991,0
DA:1992,0
DA:1993,0
DA:1994,0
DA:1996,0
DA:1997,0
DA:1999,0
DA:2000,0
DA:2001,0
DA:2003,0
DA:2004,0
DA:2006,0
DA:2007,0
DA:2008,0
DA:2009,0
DA:2010,0
DA:2011,0
DA:2013,0
DA:2015,0
DA:2016,0
DA:2017,0
DA:2021,0
DA:2022,0
DA:2023,0
DA:2025,0
DA:2026,0
DA:2028,0
DA:2029,0
DA:2030,0
DA:2031,0
DA:2032,0
DA:2034,0
DA:2036,0
DA:2037,0
DA:2038,0
DA:2042,0
DA:2043,0
DA:2044,0
DA:2045,0
DA:2046,0
DA:2047,0
DA:2049,0
DA:2050,0
DA:2052,0
DA:2053,0
DA:2054,0
DA:2055,0
DA:2056,0
DA:2058,0
DA:2060,0
DA:2061,0
DA:2062,0
DA:2065,0
DA:2066,0
DA:2067,0
DA:2068,0
DA:2071,3
DA:2072,3
DA:2073,3
DA:2074,3
DA:2076,3
DA:2077,3
DA:2093,12
DA:2094,12
DA:2095,12
DA:2098,12
DA:2099,12
DA:2100,12
DA:2101,12
DA:2102,12
DA:2103,12
DA:2104,12
DA:2105,12
DA:2106,12
DA:2107,12
DA:2108,12
DA:2109,12
DA:2110,9
DA:2111,9
DA:2112,9
DA:2113,0
DA:2115,9
DA:2118,3
DA:2120,12
DA:2124,4
DA:2125,4
DA:2126,4
DA:2127,4
DA:2128,4
DA:2129,4
DA:2130,4
DA:2131,4
DA:2132,4
DA:2133,4
DA:2134,4
DA:2135,3
DA:2136,1
DA:2138,4
DA:2142,0
DA:2143,0
DA:2144,0
DA:2145,0
DA:2146,0
DA:2147,0
DA:2148,0
DA:2149,0
DA:2150,0
DA:2151,0
DA:2152,0
DA:2153,0
DA:2154,0
DA:2155,0
DA:2156,0
DA:2157,0
DA:2158,0
DA:2159,0
DA:2160,0
DA:2161,0
DA:2162,0
DA:2163,0
DA:2165,0
DA:2166,0
DA:2167,0
DA:2168,0
DA:2169,0
DA:2170,0
DA:2171,0
DA:2172,0
DA:2173,0
DA:2174,0
DA:2175,0
DA:2176,0
DA:2177,0
DA:2180,0
DA:2181,0
DA:2182,0
DA:2183,0
DA:2184,0
DA:2185,0
DA:2186,0
DA:2187,0
DA:2188,0
DA:2189,0
DA:2190,0
DA:2191,0
DA:2192,0
DA:2193,0
DA:2194,0
DA:2195,0
DA:2196,0
DA:2197,0
DA:2198,0
DA:2199,0
DA:2200,0
DA:2201,0
DA:2202,0
DA:2203,0
DA:2205,16
DA:2206,16
DA:2209,16
DA:2210,16
DA:2211,16
DA:2212,16
DA:2213,16
DA:2215,16
DA:2217,16
DA:2218,16
DA:2221,16
DA:2222,16
DA:2223,16
DA:2225,16
DA:2226,16
DA:2227,16
DA:2229,16
DA:2231,16
DA:2232,16
DA:2234,16
DA:2235,16
DA:2236,16
DA:2237,16
DA:2239,16
DA:2240,16
DA:2241,16
DA:2242,16
DA:2244,16
DA:2245,16
DA:2246,16
DA:2247,16
DA:2248,16
DA:2250,16
DA:2252,16
DA:2253,16
DA:2254,16
DA:2255,16
DA:2258,16
DA:2259,16
DA:2260,16
DA:2262,16
DA:2263,16
DA:2264,16
DA:2266,16
DA:2267,16
DA:2268,16
DA:2270,16
DA:2271,16
DA:2272,16
DA:2273,16
DA:2274,16
DA:2275,16
DA:2277,16
DA:2278,16
DA:2279,16
DA:2281,16
DA:2282,16
DA:2283,16
DA:2285,16
DA:2286,16
DA:2287,16
DA:2289,16
DA:2290,16
DA:2291,16
DA:2295,16
DA:2296,16
DA:2297,16
DA:2298,16
DA:2299,16
DA:2300,16
DA:2303,16
DA:2307,16
DA:2308,16
DA:2309,16
DA:2310,16
DA:2311,16
DA:2312,16
DA:2313,16
DA:2314,16
DA:2315,16
DA:2316,16
DA:2317,16
DA:2319,16
DA:2320,16
DA:2321,16
DA:2322,16
DA:2323,16
DA:2325,16
DA:2326,16
DA:2327,16
DA:2328,16
DA:2329,16
DA:2330,16
DA:2331,16
DA:2332,16
DA:2333,16
DA:2334,16
DA:2335,16
DA:2336,16
DA:2338,16
DA:2339,16
DA:2340,16
DA:2341,16
DA:2342,16
DA:2343,16
DA:2344,16
DA:2345,16
DA:2348,16
DA:2349,16
DA:2350,16
DA:2353,16
DA:2354,16
DA:2355,16
DA:2356,16
DA:2358,16
DA:2361,112
DA:2362,112
DA:2363,480
DA:2364,368
DA:2365,368
DA:2366,112
DA:2367,112
DA:2369,16
DA:2370,16
DA:2371,16
DA:2372,16
DA:2374,16
DA:2375,16
DA:2376,16
DA:2377,16
DA:2378,16
DA:2379,16
DA:2380,16
DA:2381,16
DA:2382,16
DA:2383,16
DA:2384,16
DA:2385,16
DA:2386,16
DA:2389,16
DA:2391,16
DA:2392,16
DA:2393,16
DA:2394,16
DA:2395,16
DA:2398,16
DA:2399,16
DA:2400,16
DA:2403,16
DA:2404,16
DA:2406,16
DA:2407,16
DA:2409,16
DA:2410,16
DA:2411,16
DA:2412,16
DA:2413,16
DA:2414,16
DA:2415,16
DA:2416,16
DA:2417,16
DA:2419,16
DA:2420,16
DA:2421,16
DA:2422,16
DA:2423,16
DA:2424,16
DA:2425,16
DA:2426,16
DA:2427,16
DA:2428,16
DA:2429,16
DA:2430,16
DA:2431,16
DA:2432,16
DA:2433,16
DA:2434,16
DA:2435,16
DA:2437,16
DA:2438,16
DA:2439,16
DA:2440,16
DA:2441,16
DA:2442,16
DA:2444,16
DA:2445,16
DA:2446,16
DA:2454,1
DA:2455,1
DA:2456,1
DA:2457,1
BRF:0
BRH:0
LF:1844
LH:774
end_of_record